Start testing: Mar 23 23:48 CET
----------------------------------------------------------
1/66 Testing: openMVG_test_Camera_IO
1/66 Test: openMVG_test_Camera_IO
Command: "/home/pi/Downloads/openMVG_Build2/Linux-armv7l-RELEASE/openMVG_test_Camera_IO"
Directory: /home/pi/Downloads/openMVG_Build2/openMVG/cameras
"openMVG_test_Camera_IO" start time: Mar 23 23:48 CET
Output:
----------------------------------------------------------


 Launching Test : 29Camera_IO_ceral_SaveRead_Test



 	 TEST -> [OK]



 Launching Test : 30Camera_IO_PinholeSaveRead_Test



 	 TEST -> [OK]


---------
[TEST SESSION RESULTS]
---------
There were no test failures
<end of output>
Test time =   0.14 sec
----------------------------------------------------------
Test Passed.
"openMVG_test_Camera_IO" end time: Mar 23 23:48 CET
"openMVG_test_Camera_IO" time elapsed: 00:00:00
----------------------------------------------------------

2/66 Testing: openMVG_test_Camera_Pinhole_Radial
2/66 Test: openMVG_test_Camera_Pinhole_Radial
Command: "/home/pi/Downloads/openMVG_Build2/Linux-armv7l-RELEASE/openMVG_test_Camera_Pinhole_Radial"
Directory: /home/pi/Downloads/openMVG_Build2/openMVG/cameras
"openMVG_test_Camera_Pinhole_Radial" start time: Mar 23 23:48 CET
Output:
----------------------------------------------------------


 Launching Test : 36Cameras_Radial_disto_undisto_K3_Test



 	 TEST -> [OK]



 Launching Test : 36Cameras_Radial_disto_undisto_K1_Test



 	 TEST -> [OK]


---------
[TEST SESSION RESULTS]
---------
There were no test failures
<end of output>
Test time =   0.03 sec
----------------------------------------------------------
Test Passed.
"openMVG_test_Camera_Pinhole_Radial" end time: Mar 23 23:48 CET
"openMVG_test_Camera_Pinhole_Radial" time elapsed: 00:00:00
----------------------------------------------------------

3/66 Testing: openMVG_test_Camera_Pinhole_Brown
3/66 Test: openMVG_test_Camera_Pinhole_Brown
Command: "/home/pi/Downloads/openMVG_Build2/Linux-armv7l-RELEASE/openMVG_test_Camera_Pinhole_Brown"
Directory: /home/pi/Downloads/openMVG_Build2/openMVG/cameras
"openMVG_test_Camera_Pinhole_Brown" start time: Mar 23 23:48 CET
Output:
----------------------------------------------------------


 Launching Test : 35Cameras_Brown_disto_undisto_T2_Test



 	 TEST -> [OK]


---------
[TEST SESSION RESULTS]
---------
There were no test failures
<end of output>
Test time =   0.04 sec
----------------------------------------------------------
Test Passed.
"openMVG_test_Camera_Pinhole_Brown" end time: Mar 23 23:48 CET
"openMVG_test_Camera_Pinhole_Brown" time elapsed: 00:00:00
----------------------------------------------------------

4/66 Testing: openMVG_test_Camera_Pinhole_Fisheye
4/66 Test: openMVG_test_Camera_Pinhole_Fisheye
Command: "/home/pi/Downloads/openMVG_Build2/Linux-armv7l-RELEASE/openMVG_test_Camera_Pinhole_Fisheye"
Directory: /home/pi/Downloads/openMVG_Build2/openMVG/cameras
"openMVG_test_Camera_Pinhole_Fisheye" start time: Mar 23 23:48 CET
Output:
----------------------------------------------------------


 Launching Test : 42Cameras_Fisheye_disto_undisto_Fisheye_Test



 	 TEST -> [OK]


---------
[TEST SESSION RESULTS]
---------
There were no test failures
<end of output>
Test time =   0.03 sec
----------------------------------------------------------
Test Passed.
"openMVG_test_Camera_Pinhole_Fisheye" end time: Mar 23 23:48 CET
"openMVG_test_Camera_Pinhole_Fisheye" time elapsed: 00:00:00
----------------------------------------------------------

5/66 Testing: openMVG_test_Camera_Subset_Parametrization
5/66 Test: openMVG_test_Camera_Subset_Parametrization
Command: "/home/pi/Downloads/openMVG_Build2/Linux-armv7l-RELEASE/openMVG_test_Camera_Subset_Parametrization"
Directory: /home/pi/Downloads/openMVG_Build2/openMVG/cameras
"openMVG_test_Camera_Subset_Parametrization" start time: Mar 23 23:48 CET
Output:
----------------------------------------------------------


 Launching Test : 43Cameras_subset_parametrization_fisheye_Test



 	 TEST -> [OK]



 Launching Test : 49Cameras_subset_parametrization_pinhole_brown_Test



 	 TEST -> [OK]



 Launching Test : 53Cameras_subset_parametrization_pinhole_radial_k3_Test



 	 TEST -> [OK]



 Launching Test : 53Cameras_subset_parametrization_pinhole_radial_k1_Test



 	 TEST -> [OK]



 Launching Test : 43Cameras_subset_parametrization_pinhole_Test



 	 TEST -> [OK]


---------
[TEST SESSION RESULTS]
---------
There were no test failures
<end of output>
Test time =   0.03 sec
----------------------------------------------------------
Test Passed.
"openMVG_test_Camera_Subset_Parametrization" end time: Mar 23 23:48 CET
"openMVG_test_Camera_Subset_Parametrization" time elapsed: 00:00:00
----------------------------------------------------------

6/66 Testing: openMVG_test_exif_IO
6/66 Test: openMVG_test_exif_IO
Command: "/home/pi/Downloads/openMVG_Build2/Linux-armv7l-RELEASE/openMVG_test_exif_IO"
Directory: /home/pi/Downloads/openMVG_Build2/openMVG/exif
"openMVG_test_exif_IO" start time: Mar 23 23:48 CET
Output:
----------------------------------------------------------


 Launching Test : 44Matching_Exif_IO_easyexif_Read_GPS_Data_Test



 	 TEST -> [OK]



 Launching Test : 39Matching_Exif_IO_easyexif_ReadData_Test



 	 TEST -> [OK]



 Launching Test : 51Matching_Exif_IO_easyexif_ReadData_invalidFile_Test



 	 TEST -> [OK]


---------
[TEST SESSION RESULTS]
---------
There were no test failures
<end of output>
Test time =   0.11 sec
----------------------------------------------------------
Test Passed.
"openMVG_test_exif_IO" end time: Mar 23 23:48 CET
"openMVG_test_exif_IO" time elapsed: 00:00:00
----------------------------------------------------------

7/66 Testing: openMVG_test_ParseDatabase
7/66 Test: openMVG_test_ParseDatabase
Command: "/home/pi/Downloads/openMVG_Build2/Linux-armv7l-RELEASE/openMVG_test_ParseDatabase"
Directory: /home/pi/Downloads/openMVG_Build2/openMVG/exif/sensor_width_database
"openMVG_test_ParseDatabase" start time: Mar 23 23:48 CET
Output:
----------------------------------------------------------


 Launching Test : 42Matching_ParseDatabaseCanon_EOS_1100D_Test



 	 TEST -> [OK]



 Launching Test : 47Matching_ParseDatabaseCanon_EOS_5D_Mark_II_Test



 	 TEST -> [OK]



 Launching Test : 41Matching_ParseDatabaseCanon_EOS_550D_Test



 	 TEST -> [OK]



 Launching Test : 35Matching_ParseDatabaseNotExist_Test



 	 TEST -> [OK]



 Launching Test : 34Matching_ParseDatabaseA710_IS_Test



 	 TEST -> [OK]



 Launching Test : 32Matching_ParseDatabaseSD900_Test



 	 TEST -> [OK]



 Launching Test : 27Matching_ValidDatabase_Test



 	 TEST -> [OK]



 Launching Test : 29Matching_InvalidDatabase_Test



 	 TEST -> [OK]


---------
[TEST SESSION RESULTS]
---------
There were no test failures
<end of output>
Test time =   0.29 sec
----------------------------------------------------------
Test Passed.
"openMVG_test_ParseDatabase" end time: Mar 23 23:48 CET
"openMVG_test_ParseDatabase" time elapsed: 00:00:00
----------------------------------------------------------

8/66 Testing: openMVG_test_features
8/66 Test: openMVG_test_features
Command: "/home/pi/Downloads/openMVG_Build2/Linux-armv7l-RELEASE/openMVG_test_features"
Directory: /home/pi/Downloads/openMVG_Build2/openMVG/features
"openMVG_test_features" start time: Mar 23 23:48 CET
Output:
----------------------------------------------------------


 Launching Test : 24descriptorIO_BINARY_Test



 	 TEST -> [OK]



 Launching Test : 23descriptorIO_ASCII_Test



 	 TEST -> [OK]



 Launching Test : 20featureIO_ASCII_Test



 	 TEST -> [OK]



 Launching Test : 32featureIO_NON_EXISTING_FILE_Test



 	 TEST -> [OK]


---------
[TEST SESSION RESULTS]
---------
There were no test failures
<end of output>
Test time =   0.05 sec
----------------------------------------------------------
Test Passed.
"openMVG_test_features" end time: Mar 23 23:48 CET
"openMVG_test_features" time elapsed: 00:00:00
----------------------------------------------------------

9/66 Testing: openMVG_test_mser
9/66 Test: openMVG_test_mser
Command: "/home/pi/Downloads/openMVG_Build2/Linux-armv7l-RELEASE/openMVG_test_mser"
Directory: /home/pi/Downloads/openMVG_Build2/openMVG/features/mser
"openMVG_test_mser" start time: Mar 23 23:48 CET
Output:
----------------------------------------------------------


 Launching Test : 30MSER_Extraction_Synthetic_Test



 	 TEST -> [OK]



 Launching Test : 20MSER_Extraction_Test



 	 TEST -> [OK]


---------
[TEST SESSION RESULTS]
---------
There were no test failures
<end of output>
Test time =   1.85 sec
----------------------------------------------------------
Test Passed.
"openMVG_test_mser" end time: Mar 23 23:48 CET
"openMVG_test_mser" time elapsed: 00:00:01
----------------------------------------------------------

10/66 Testing: openMVG_test_tbmr
10/66 Test: openMVG_test_tbmr
Command: "/home/pi/Downloads/openMVG_Build2/Linux-armv7l-RELEASE/openMVG_test_tbmr"
Directory: /home/pi/Downloads/openMVG_Build2/openMVG/features/tbmr
"openMVG_test_tbmr" start time: Mar 23 23:48 CET
Output:
----------------------------------------------------------


 Launching Test : 20TBMR_Extraction_Test



 	 TEST -> [OK]


---------
[TEST SESSION RESULTS]
---------
There were no test failures
<end of output>
Test time =   0.68 sec
----------------------------------------------------------
Test Passed.
"openMVG_test_tbmr" end time: Mar 23 23:48 CET
"openMVG_test_tbmr" time elapsed: 00:00:00
----------------------------------------------------------

11/66 Testing: openMVG_test_sift
11/66 Test: openMVG_test_sift
Command: "/home/pi/Downloads/openMVG_Build2/Linux-armv7l-RELEASE/openMVG_test_sift"
Directory: /home/pi/Downloads/openMVG_Build2/openMVG/features/sift
"openMVG_test_sift" start time: Mar 23 23:48 CET
Output:
----------------------------------------------------------


 Launching Test : 42Sift_Keypoint_DetectionAndDescription_Test

Octave computation started
Computed octave : 0
Computed octave : 1
Computed octave : 2
Computed octave : 3

#Keypoints: 461
OpenMVG sift: 1705ms


 	 TEST -> [OK]



 Launching Test : 40GaussianScaleSpace_OctaveGeneration_Test

Octave computation started
Computed octave : 0
Computed octave : 1
Computed octave : 2
Computed octave : 3


 	 TEST -> [OK]


---------
[TEST SESSION RESULTS]
---------
There were no test failures
<end of output>
Test time =   2.51 sec
----------------------------------------------------------
Test Passed.
"openMVG_test_sift" end time: Mar 23 23:48 CET
"openMVG_test_sift" time elapsed: 00:00:02
----------------------------------------------------------

12/66 Testing: openMVG_graph_test_connectedComponent
12/66 Test: openMVG_graph_test_connectedComponent
Command: "/home/pi/Downloads/openMVG_Build2/Linux-armv7l-RELEASE/openMVG_graph_test_connectedComponent"
Directory: /home/pi/Downloads/openMVG_Build2/openMVG/graph
"openMVG_graph_test_connectedComponent" start time: Mar 23 23:48 CET
Output:
----------------------------------------------------------


 Launching Test : 35Subgraphs_CC_Subgraph_CC_count_Test



 	 TEST -> [OK]



 Launching Test : 42exportGraphToMapSubgraphs_CC_Subgraph_Test



 	 TEST -> [OK]



 Launching Test : 38connectedComponents_TwoCC_Parsing_Test

CC id 	node id:
0	3
0	2
1	1
1	0


 	 TEST -> [OK]



 Launching Test : 30connectedComponents_TwoCC_Test



 	 TEST -> [OK]



 Launching Test : 30connectedComponents_OneCC_Test



 	 TEST -> [OK]



 Launching Test : 30connectedComponents_Empty_Test



 	 TEST -> [OK]


---------
[TEST SESSION RESULTS]
---------
There were no test failures
<end of output>
Test time =   0.02 sec
----------------------------------------------------------
Test Passed.
"openMVG_graph_test_connectedComponent" end time: Mar 23 23:48 CET
"openMVG_graph_test_connectedComponent" time elapsed: 00:00:00
----------------------------------------------------------

13/66 Testing: openMVG_graph_test_triplet_finder
13/66 Test: openMVG_graph_test_triplet_finder
Command: "/home/pi/Downloads/openMVG_Build2/Linux-armv7l-RELEASE/openMVG_graph_test_triplet_finder"
Directory: /home/pi/Downloads/openMVG_Build2/openMVG/graph
"openMVG_graph_test_triplet_finder" start time: Mar 23 23:48 CET
Output:
----------------------------------------------------------


 Launching Test : 35TripletFinder_test_for_triplet_Test



 	 TEST -> [OK]



 Launching Test : 37TripletFinder_test_three_triplet_Test



 	 TEST -> [OK]



 Launching Test : 35TripletFinder_test_two_triplet_Test



 	 TEST -> [OK]



 Launching Test : 35TripletFinder_test_one_triplet_Test



 	 TEST -> [OK]



 Launching Test : 34TripletFinder_test_no_triplet_Test



 	 TEST -> [OK]


---------
[TEST SESSION RESULTS]
---------
There were no test failures
<end of output>
Test time =   0.02 sec
----------------------------------------------------------
Test Passed.
"openMVG_graph_test_triplet_finder" end time: Mar 23 23:48 CET
"openMVG_graph_test_triplet_finder" time elapsed: 00:00:00
----------------------------------------------------------

14/66 Testing: openMVG_test_image
14/66 Test: openMVG_test_image
Command: "/home/pi/Downloads/openMVG_Build2/Linux-armv7l-RELEASE/openMVG_test_image"
Directory: /home/pi/Downloads/openMVG_Build2/openMVG/image
"openMVG_test_image" start time: Mar 23 23:48 CET
Output:
----------------------------------------------------------


 Launching Test : 25Image_ImageConverter_Test



 	 TEST -> [OK]



 Launching Test : 21Image_PixelTypes_Test



 	 TEST -> [OK]



 Launching Test : 16Image_Basis_Test


 
 
 
 
 
 
 
 
 


  
 
 
 
 
 
 
 


 
  
 
 
 
 
 
 


 
 
 
 
 
 
 
 
 


 
 
 
 
 
 
 
 
 

 
 
 
 
 
 
 
 
 


 
 
 
 
 
 
 
 
 


 
 
 
 
 
 
 
 
 


 
 
 
 
 
 
 
 
 


 
 
 
 
 
 
 
 
 


After
 
 
 
 
 
 
 
 
 


  
 
 
 
 
 
 
 


 
  
 
 
 
 
 
 


 
 
 
 
 
 
 
 
 


 
 
 
 
 
 
 
 
 

 
 
 
 
 
 
 
 
 


 
 
 
 
 
 
 
 
 


 
 
 
 
 
 
 
 
 


 
 
 
 
 
 
 
 
 

         

 	 TEST -> [OK]


---------
[TEST SESSION RESULTS]
---------
There were no test failures
<end of output>
Test time =   0.02 sec
----------------------------------------------------------
Test Passed.
"openMVG_test_image" end time: Mar 23 23:48 CET
"openMVG_test_image" time elapsed: 00:00:00
----------------------------------------------------------

15/66 Testing: openMVG_test_image_drawing
15/66 Test: openMVG_test_image_drawing
Command: "/home/pi/Downloads/openMVG_Build2/Linux-armv7l-RELEASE/openMVG_test_image_drawing"
Directory: /home/pi/Downloads/openMVG_Build2/openMVG/image
"openMVG_test_image_drawing" start time: Mar 23 23:48 CET
Output:
----------------------------------------------------------


 Launching Test : 47ImageDrawing_DrawLine_PointOutsideTheImage_Test



 	 TEST -> [OK]



 Launching Test : 32ImageDrawing_RotatedEllipse_Test



 	 TEST -> [OK]



 Launching Test : 25ImageDrawing_Ellipse_Test



 	 TEST -> [OK]



 Launching Test : 24ImageDrawing_Circle_Test



 	 TEST -> [OK]



 Launching Test : 25ImageDrawing_Lines45_Test



 	 TEST -> [OK]



 Launching Test : 31ImageDrawing_Scanlines_RGB_Test



 	 TEST -> [OK]



 Launching Test : 27ImageDrawing_Scanlines_Test



 	 TEST -> [OK]


---------
[TEST SESSION RESULTS]
---------
There were no test failures
<end of output>
Test time =   0.02 sec
----------------------------------------------------------
Test Passed.
"openMVG_test_image_drawing" end time: Mar 23 23:48 CET
"openMVG_test_image_drawing" time elapsed: 00:00:00
----------------------------------------------------------

16/66 Testing: openMVG_test_image_io
16/66 Test: openMVG_test_image_io
Command: "/home/pi/Downloads/openMVG_Build2/Linux-armv7l-RELEASE/openMVG_test_image_io"
Directory: /home/pi/Downloads/openMVG_Build2/openMVG/image
"openMVG_test_image_io" start time: Mar 23 23:48 CET
Output:
----------------------------------------------------------


 Launching Test : 27ImageHeader_AllFormats_Test

Testing:img.jpg
Testing:img.png
Testing:img.tif
Testing:img.png
Testing:img.pgm


 	 TEST -> [OK]



 Launching Test : 26ImageIOTest_Tiff_RGBA_Test



 	 TEST -> [OK]



 Launching Test : 25ImageIOTest_Tiff_RGB_Test



 	 TEST -> [OK]



 Launching Test : 26ImageIOTest_Tiff_Gray_Test



 	 TEST -> [OK]



 Launching Test : 20ImageIOTest_Ppm_Test



 	 TEST -> [OK]



 Launching Test : 16ReadPnm_Ppm_Test



 	 TEST -> [OK]



 Launching Test : 20ImageIOTest_Pgm_Test



 	 TEST -> [OK]



 Launching Test : 24ReadPnm_PgmComments_Test



 	 TEST -> [OK]



 Launching Test : 16ReadPnm_Pgm_Test



 	 TEST -> [OK]



 Launching Test : 20ImageIOTest_Jpg_Test



 	 TEST -> [OK]



 Launching Test : 29ImageIOTest_InvalidFiles_Test

Error: Couldn't open /home/pi/Downloads/openMVG/src/openMVG/image/donotexist.jpg fopen returned 0

 	 TEST -> [OK]



 Launching Test : 30ImageIOTest_Png_Out_Color_Test



 	 TEST -> [OK]



 Launching Test : 24ImageIOTest_Png_Out_Test



 	 TEST -> [OK]



 Launching Test : 24GetFormat_filenames_Test



 	 TEST -> [OK]



 Launching Test : 27ReadPng_Png_Monochrome_Test



 	 TEST -> [OK]



 Launching Test : 22ReadPng_Png_Color_Test



 	 TEST -> [OK]



 Launching Test : 27ReadJpg_Jpg_Monochrome_Test



 	 TEST -> [OK]



 Launching Test : 22ReadJpg_Jpg_Color_Test



 	 TEST -> [OK]


---------
[TEST SESSION RESULTS]
---------
There were no test failures
<end of output>
Test time =   0.06 sec
----------------------------------------------------------
Test Passed.
"openMVG_test_image_io" end time: Mar 23 23:48 CET
"openMVG_test_image_io" time elapsed: 00:00:00
----------------------------------------------------------

17/66 Testing: openMVG_test_image_filtering
17/66 Test: openMVG_test_image_filtering
Command: "/home/pi/Downloads/openMVG_Build2/Linux-armv7l-RELEASE/openMVG_test_image_filtering"
Directory: /home/pi/Downloads/openMVG_Build2/openMVG/image
"openMVG_test_image_filtering" start time: Mar 23 23:48 CET
Output:
----------------------------------------------------------


 Launching Test : 32Image_Convolution_Sobel_X_Y_Test



 	 TEST -> [OK]



 Launching Test : 33Image_Convolution_Scharr_X_Y_Test



 	 TEST -> [OK]



 Launching Test : 36Image_Convolution_MeanBoxFilter_Test



 	 TEST -> [OK]



 Launching Test : 46Image_Convolution_MeanBoxFilter_Separable_Test



 	 TEST -> [OK]



 Launching Test : 22Image_Convolution_Test



 	 TEST -> [OK]


---------
[TEST SESSION RESULTS]
---------
There were no test failures
<end of output>
Test time =   0.14 sec
----------------------------------------------------------
Test Passed.
"openMVG_test_image_filtering" end time: Mar 23 23:48 CET
"openMVG_test_image_filtering" time elapsed: 00:00:00
----------------------------------------------------------

18/66 Testing: openMVG_test_image_resampling
18/66 Test: openMVG_test_image_resampling
Command: "/home/pi/Downloads/openMVG_Build2/Linux-armv7l-RELEASE/openMVG_test_image_resampling"
Directory: /home/pi/Downloads/openMVG_Build2/openMVG/image
"openMVG_test_image_resampling" start time: Mar 23 23:48 CET
Output:
----------------------------------------------------------


 Launching Test : 29Ressampling_SampleRotate_Test

/home/pi/Downloads/openMVG/src/openMVG/image/image_test/lena.png


 	 TEST -> [OK]



 Launching Test : 35Ressampling_SampleSamePosition_Test

/home/pi/Downloads/openMVG/src/openMVG/image/image_test/lena.png


 	 TEST -> [OK]


---------
[TEST SESSION RESULTS]
---------
There were no test failures
<end of output>
Test time =  19.33 sec
----------------------------------------------------------
Test Passed.
"openMVG_test_image_resampling" end time: Mar 23 23:48 CET
"openMVG_test_image_resampling" time elapsed: 00:00:19
----------------------------------------------------------

19/66 Testing: openMVG_linearProgramming_test_linearProgramming
19/66 Test: openMVG_linearProgramming_test_linearProgramming
Command: "/home/pi/Downloads/openMVG_Build2/Linux-armv7l-RELEASE/openMVG_linearProgramming_test_linearProgramming"
Directory: /home/pi/Downloads/openMVG_Build2/openMVG/linearProgramming
"openMVG_linearProgramming_test_linearProgramming" start time: Mar 23 23:48 CET
Output:
----------------------------------------------------------


 Launching Test : 43linearProgramming_osiclp_sparse_sample_Test



 	 TEST -> [OK]



 Launching Test : 42linearProgramming_osiclp_dense_sample_Test



 	 TEST -> [OK]


---------
[TEST SESSION RESULTS]
---------
There were no test failures
<end of output>
Test time =   0.14 sec
----------------------------------------------------------
Test Passed.
"openMVG_linearProgramming_test_linearProgramming" end time: Mar 23 23:48 CET
"openMVG_linearProgramming_test_linearProgramming" time elapsed: 00:00:00
----------------------------------------------------------

20/66 Testing: openMVG_lInftyCV_test_triangulation
20/66 Test: openMVG_lInftyCV_test_triangulation
Command: "/home/pi/Downloads/openMVG_Build2/Linux-armv7l-RELEASE/openMVG_lInftyCV_test_triangulation"
Directory: /home/pi/Downloads/openMVG_Build2/openMVG/linearProgramming/lInfinityCV
"openMVG_lInftyCV_test_triangulation" start time: Mar 23 23:48 CET
Output:
----------------------------------------------------------


 Launching Test : 43lInfinityCV_Triangulation_OSICLPSOLVER_Test



 	 TEST -> [OK]


---------
[TEST SESSION RESULTS]
---------
There were no test failures
<end of output>
Test time =   0.49 sec
----------------------------------------------------------
Test Passed.
"openMVG_lInftyCV_test_triangulation" end time: Mar 23 23:48 CET
"openMVG_lInftyCV_test_triangulation" time elapsed: 00:00:00
----------------------------------------------------------

21/66 Testing: openMVG_lInftyCV_test_resection
21/66 Test: openMVG_lInftyCV_test_resection
Command: "/home/pi/Downloads/openMVG_Build2/Linux-armv7l-RELEASE/openMVG_lInftyCV_test_resection"
Directory: /home/pi/Downloads/openMVG_Build2/openMVG/linearProgramming/lInfinityCV
"openMVG_lInftyCV_test_resection" start time: Mar 23 23:48 CET
Output:
----------------------------------------------------------


 Launching Test : 32Resection_L_Infinity_OSICLP_Test



 	 TEST -> [OK]


---------
[TEST SESSION RESULTS]
---------
There were no test failures
<end of output>
Test time =   0.20 sec
----------------------------------------------------------
Test Passed.
"openMVG_lInftyCV_test_resection" end time: Mar 23 23:48 CET
"openMVG_lInftyCV_test_resection" time elapsed: 00:00:00
----------------------------------------------------------

22/66 Testing: openMVG_lInftyCV_test_resection_robust
22/66 Test: openMVG_lInftyCV_test_resection_robust
Command: "/home/pi/Downloads/openMVG_Build2/Linux-armv7l-RELEASE/openMVG_lInftyCV_test_resection_robust"
Directory: /home/pi/Downloads/openMVG_Build2/openMVG/linearProgramming/lInfinityCV
"openMVG_lInftyCV_test_resection_robust" start time: Mar 23 23:48 CET
Output:
----------------------------------------------------------


 Launching Test : 43Resection_L_Infinity_Robust_OneOutlier_Test



 	 TEST -> [OK]



 Launching Test : 44Resection_L_Infinity_Robust_OutlierFree_Test



 	 TEST -> [OK]


---------
[TEST SESSION RESULTS]
---------
There were no test failures
<end of output>
Test time =   9.55 sec
----------------------------------------------------------
Test Passed.
"openMVG_lInftyCV_test_resection_robust" end time: Mar 23 23:48 CET
"openMVG_lInftyCV_test_resection_robust" time elapsed: 00:00:09
----------------------------------------------------------

23/66 Testing: openMVG_lInftyCV_test_global_translations_fromTriplets
23/66 Test: openMVG_lInftyCV_test_global_translations_fromTriplets
Command: "/home/pi/Downloads/openMVG_Build2/Linux-armv7l-RELEASE/openMVG_lInftyCV_test_global_translations_fromTriplets"
Directory: /home/pi/Downloads/openMVG_Build2/openMVG/linearProgramming/lInfinityCV
"openMVG_lInftyCV_test_global_translations_fromTriplets" start time: Mar 23 23:48 CET
Output:
----------------------------------------------------------


 Launching Test : 54translation_averaging_globalTi_from_tijs_Triplets_Test

Found solution with gamma = 0

Camera centers (Computed): 


 	 TEST -> [OK]


---------
[TEST SESSION RESULTS]
---------
There were no test failures
<end of output>
Test time =   0.17 sec
----------------------------------------------------------
Test Passed.
"openMVG_lInftyCV_test_global_translations_fromTriplets" end time: Mar 23 23:48 CET
"openMVG_lInftyCV_test_global_translations_fromTriplets" time elapsed: 00:00:00
----------------------------------------------------------

24/66 Testing: openMVG_lInftyCV_test_global_translations_fromTij
24/66 Test: openMVG_lInftyCV_test_global_translations_fromTij
Command: "/home/pi/Downloads/openMVG_Build2/Linux-armv7l-RELEASE/openMVG_lInftyCV_test_global_translations_fromTij"
Directory: /home/pi/Downloads/openMVG_Build2/openMVG/linearProgramming/lInfinityCV
"openMVG_lInftyCV_test_global_translations_fromTij" start time: Mar 23 23:48 CET
Output:
----------------------------------------------------------


 Launching Test : 45translation_averaging_globalTi_from_tijs_Test

Found solution with gamma = 0


 	 TEST -> [OK]


---------
[TEST SESSION RESULTS]
---------
There were no test failures
<end of output>
Test time =   0.15 sec
----------------------------------------------------------
Test Passed.
"openMVG_lInftyCV_test_global_translations_fromTij" end time: Mar 23 23:48 CET
"openMVG_lInftyCV_test_global_translations_fromTij" time elapsed: 00:00:00
----------------------------------------------------------

25/66 Testing: openMVG_lInftyCV_test_tijsAndXis
25/66 Test: openMVG_lInftyCV_test_tijsAndXis
Command: "/home/pi/Downloads/openMVG_Build2/Linux-armv7l-RELEASE/openMVG_lInftyCV_test_tijsAndXis"
Directory: /home/pi/Downloads/openMVG_Build2/openMVG/linearProgramming/lInfinityCV
"openMVG_lInftyCV_test_tijsAndXis" start time: Mar 23 23:48 CET
Output:
----------------------------------------------------------


 Launching Test : 53Translation_Structure_L_Infinity_OSICLP_SOLVER_K_Test



 	 TEST -> [OK]



 Launching Test : 51Translation_Structure_L_Infinity_OSICLP_SOLVER_Test



 	 TEST -> [OK]


---------
[TEST SESSION RESULTS]
---------
There were no test failures
<end of output>
Test time =   0.44 sec
----------------------------------------------------------
Test Passed.
"openMVG_lInftyCV_test_tijsAndXis" end time: Mar 23 23:48 CET
"openMVG_lInftyCV_test_tijsAndXis" time elapsed: 00:00:00
----------------------------------------------------------

26/66 Testing: openMVG_lInftyCV_test_tijsAndXis_outlier
26/66 Test: openMVG_lInftyCV_test_tijsAndXis_outlier
Command: "/home/pi/Downloads/openMVG_Build2/Linux-armv7l-RELEASE/openMVG_lInftyCV_test_tijsAndXis_outlier"
Directory: /home/pi/Downloads/openMVG_Build2/openMVG/linearProgramming/lInfinityCV
"openMVG_lInftyCV_test_tijsAndXis_outlier" start time: Mar 23 23:48 CET
Output:
----------------------------------------------------------


 Launching Test : 65Translation_Structure_L_Infinity_Noisy_Outlier_OSICLP_SOLVER_Test


Bisection returns : 
1Found solution:
0 0 0 448.242 210.952 0.421903 879.758 620.204 1.24041 360.649 620.204 1.24041 -26.3387 210.952 0.421903 0.0285974 -0.00887856 -0.326467 0.025088 0.0346046 -0.37569 -0.0138518 0.0225484 -0.368947 0.00453692 -0.00190009 -0.339432 -0.0113667 0.00112653 -0.312249 3.26467 0 0.673533 0 0 0.62431 0 0 0.631053 0 0 0.660568 0 0 0.687751 0 0 0.357334 0 0 0.318749 0 0 0.29733 0 0 0.331497 0 0 0.340718 0 0 0 0 0 0.0304519 0 0 0 0 0 0 0 0 0 0 0 0 0 0 0 0 0 0.0175973 0 8.12678 0 0 0 0 0 0 0.318587 0 0 0.284757 0 0 0.316098 0 0 0.32535 0 0 0.356119 
Residual : 

Camera : 0 	:5	7.62941e-09	7.62941e-09	2.17856e-06	7.13584e-09	

Camera : 1 	:7.62938e-09	3.51933e-08	4.52076e-09	1.62185e-06	5.35817e-09	

Camera : 2 	:1.01325e-08	3.44239e-08	1.03887e-08	5.62917e-08	1.35215e-08	

Camera : 3 	:1.03418e-06	1.0834e-06	1.09244e-06	4	1.06295e-06	

Camera : 4 	:7.62935e-09	4.17866e-08	8.61152e-08	7.62941e-09	7.62938e-09	

Residual mean in not noisy measurement: 1.56545e-08


 	 TEST -> [OK]


---------
[TEST SESSION RESULTS]
---------
There were no test failures
<end of output>
Test time =   0.37 sec
----------------------------------------------------------
Test Passed.
"openMVG_lInftyCV_test_tijsAndXis_outlier" end time: Mar 23 23:48 CET
"openMVG_lInftyCV_test_tijsAndXis_outlier" time elapsed: 00:00:00
----------------------------------------------------------

27/66 Testing: openMVG_geodesy_test_geodesy
27/66 Test: openMVG_geodesy_test_geodesy
Command: "/home/pi/Downloads/openMVG_Build2/Linux-armv7l-RELEASE/openMVG_geodesy_test_geodesy"
Directory: /home/pi/Downloads/openMVG_Build2/openMVG/geodesy
"openMVG_geodesy_test_geodesy" start time: Mar 23 23:48 CET
Output:
----------------------------------------------------------


 Launching Test : 23GEODESY_LLA_TO_UTM_Test



 	 TEST -> [OK]



 Launching Test : 31GEODESY_LLA_TO_ECEF_TO_LLA_Test



 	 TEST -> [OK]


---------
[TEST SESSION RESULTS]
---------
There were no test failures
<end of output>
Test time =   0.03 sec
----------------------------------------------------------
Test Passed.
"openMVG_geodesy_test_geodesy" end time: Mar 23 23:48 CET
"openMVG_geodesy_test_geodesy" time elapsed: 00:00:00
----------------------------------------------------------

28/66 Testing: openMVG_test_rigid_transformation3D_srt
28/66 Test: openMVG_test_rigid_transformation3D_srt
Command: "/home/pi/Downloads/openMVG_Build2/Linux-armv7l-RELEASE/openMVG_test_rigid_transformation3D_srt"
Directory: /home/pi/Downloads/openMVG_Build2/openMVG/geometry
"openMVG_test_rigid_transformation3D_srt" start time: Mar 23 23:48 CET
Output:
----------------------------------------------------------


 Launching Test : 49SRT_precision_Experiment_ScaleRotTranslation_Test


Scale 2
Rot 
 0.788473 -0.539424   0.29552
 0.601843  0.775733 -0.189796
-0.126864  0.327506  0.936293
t  0.5 -0.3 0.38
GT
Scale 2
Rot 
 0.788473 -0.539424   0.29552
 0.601843  0.775733 -0.189796
-0.126864  0.327506  0.936293
t  0.5 -0.3 0.38

 	 TEST -> [OK]



 Launching Test : 41SRT_precision_Experiment_ScaleAndRot_Test


Scale 2
Rot 
 0.788473 -0.539424   0.29552
 0.601843  0.775733 -0.189796
-0.126864  0.327506  0.936293
t -4.99953e-17  5.61398e-17 -1.61963e-16
GT
Scale 2
Rot 
 0.788473 -0.539424   0.29552
 0.601843  0.775733 -0.189796
-0.126864  0.327506  0.936293
t 0 0 0

 	 TEST -> [OK]



 Launching Test : 39SRT_precision_Experiment_ScaleOnly_Test


Scale 2
Rot 
           1  2.95598e-16 -1.66881e-16
 2.04003e-16            1  1.98682e-16
 -2.7408e-17  1.06629e-16            1
t  1.27111e-17 -1.32509e-16 -6.32746e-17

 	 TEST -> [OK]


---------
[TEST SESSION RESULTS]
---------
There were no test failures
<end of output>
Test time =   0.03 sec
----------------------------------------------------------
Test Passed.
"openMVG_test_rigid_transformation3D_srt" end time: Mar 23 23:48 CET
"openMVG_test_rigid_transformation3D_srt" time elapsed: 00:00:00
----------------------------------------------------------

29/66 Testing: openMVG_test_half_space_intersection
29/66 Test: openMVG_test_half_space_intersection
Command: "/home/pi/Downloads/openMVG_Build2/Linux-armv7l-RELEASE/openMVG_test_half_space_intersection"
Directory: /home/pi/Downloads/openMVG_Build2/openMVG/geometry
"openMVG_test_half_space_intersection" start time: Mar 23 23:48 CET
Output:
----------------------------------------------------------


 Launching Test : 20HALF_PLANE_Side_Test



 	 TEST -> [OK]



 Launching Test : 33HALF_PLANE_EmptyIntersection_Test



 	 TEST -> [OK]



 Launching Test : 32HALF_PLANE_ExistingSubspace_Test



 	 TEST -> [OK]


---------
[TEST SESSION RESULTS]
---------
There were no test failures
<end of output>
Test time =   0.14 sec
----------------------------------------------------------
Test Passed.
"openMVG_test_half_space_intersection" end time: Mar 23 23:48 CET
"openMVG_test_half_space_intersection" time elapsed: 00:00:00
----------------------------------------------------------

30/66 Testing: openMVG_test_frustum_intersection
30/66 Test: openMVG_test_frustum_intersection
Command: "/home/pi/Downloads/openMVG_Build2/Linux-armv7l-RELEASE/openMVG_test_frustum_intersection"
Directory: /home/pi/Downloads/openMVG_Build2/openMVG/geometry
"openMVG_test_frustum_intersection" start time: Mar 23 23:48 CET
Output:
----------------------------------------------------------


 Launching Test : 31frustum_empty_intersection_Test



 	 TEST -> [OK]



 Launching Test : 25frustum_intersection_Test



 	 TEST -> [OK]


---------
[TEST SESSION RESULTS]
---------
There were no test failures
<end of output>
Test time =   0.23 sec
----------------------------------------------------------
Test Passed.
"openMVG_test_frustum_intersection" end time: Mar 23 23:48 CET
"openMVG_test_frustum_intersection" time elapsed: 00:00:00
----------------------------------------------------------

31/66 Testing: openMVG_test_frustum_box_intersection
31/66 Test: openMVG_test_frustum_box_intersection
Command: "/home/pi/Downloads/openMVG_Build2/Linux-armv7l-RELEASE/openMVG_test_frustum_box_intersection"
Directory: /home/pi/Downloads/openMVG_Build2/openMVG/geometry
"openMVG_test_frustum_box_intersection" start time: Mar 23 23:48 CET
Output:
----------------------------------------------------------


 Launching Test : 32box_frustum_no_intersection_Test



 	 TEST -> [OK]



 Launching Test : 29box_frustum_intersection_Test



 	 TEST -> [OK]



 Launching Test : 27box_point_intersection_Test



 	 TEST -> [OK]


---------
[TEST SESSION RESULTS]
---------
There were no test failures
<end of output>
Test time =   0.19 sec
----------------------------------------------------------
Test Passed.
"openMVG_test_frustum_box_intersection" end time: Mar 23 23:48 CET
"openMVG_test_frustum_box_intersection" time elapsed: 00:00:00
----------------------------------------------------------

32/66 Testing: openMVG_test_matching
32/66 Test: openMVG_test_matching
Command: "/home/pi/Downloads/openMVG_Build2/Linux-armv7l-RELEASE/openMVG_test_matching"
Directory: /home/pi/Downloads/openMVG_Build2/openMVG/matching
"openMVG_test_matching" start time: Mar 23 23:48 CET
Output:
----------------------------------------------------------


 Launching Test : 48Matching_Cascade_Hashing_Simple_EmptyArrays_Test

This matcher is not made to match a single query


 	 TEST -> [OK]



 Launching Test : 58Matching_ArrayMatcher_Kdtree_Flann_Simple_EmptyArrays_Test



 	 TEST -> [OK]



 Launching Test : 55Matching_ArrayMatcherBruteForce_Simple_EmptyArrays_Test



 	 TEST -> [OK]



 Launching Test : 50Matching_ArrayMatcher_Kdtree_Flann_Simple__NN_Test



 	 TEST -> [OK]



 Launching Test : 48Matching_ArrayMatcherBruteForce_Simple_Dim4_Test



 	 TEST -> [OK]



 Launching Test : 39Matching_ArrayMatcherBruteForce_NN_Test



 	 TEST -> [OK]



 Launching Test : 48Matching_ArrayMatcherBruteForce_Simple_Dim1_Test



 	 TEST -> [OK]


---------
[TEST SESSION RESULTS]
---------
There were no test failures
<end of output>
Test time =   0.03 sec
----------------------------------------------------------
Test Passed.
"openMVG_test_matching" end time: Mar 23 23:48 CET
"openMVG_test_matching" time elapsed: 00:00:00
----------------------------------------------------------

33/66 Testing: openMVG_test_matching_filters
33/66 Test: openMVG_test_matching_filters
Command: "/home/pi/Downloads/openMVG_Build2/Linux-armv7l-RELEASE/openMVG_test_matching_filters"
Directory: /home/pi/Downloads/openMVG_Build2/openMVG/matching
"openMVG_test_matching_filters" start time: Mar 23 23:48 CET
Output:
----------------------------------------------------------


 Launching Test : 29matching_setIntersection_Test



 	 TEST -> [OK]


---------
[TEST SESSION RESULTS]
---------
There were no test failures
<end of output>
Test time =   0.01 sec
----------------------------------------------------------
Test Passed.
"openMVG_test_matching_filters" end time: Mar 23 23:48 CET
"openMVG_test_matching_filters" time elapsed: 00:00:00
----------------------------------------------------------

34/66 Testing: openMVG_test_indMatch
34/66 Test: openMVG_test_indMatch
Command: "/home/pi/Downloads/openMVG_Build2/Linux-armv7l-RELEASE/openMVG_test_indMatch"
Directory: /home/pi/Downloads/openMVG_Build2/openMVG/matching
"openMVG_test_indMatch" start time: Mar 23 23:48 CET
Output:
----------------------------------------------------------


 Launching Test : 30IndMatch_DuplicateRemoval_Test



 	 TEST -> [OK]



 Launching Test : 37IndMatch_DuplicateRemoval_Simple_Test



 	 TEST -> [OK]



 Launching Test : 40IndMatch_DuplicateRemoval_NoRemoval_Test



 	 TEST -> [OK]



 Launching Test : 16IndMatch_IO_Test



 	 TEST -> [OK]


---------
[TEST SESSION RESULTS]
---------
There were no test failures
<end of output>
Test time =   0.02 sec
----------------------------------------------------------
Test Passed.
"openMVG_test_indMatch" end time: Mar 23 23:48 CET
"openMVG_test_indMatch" time elapsed: 00:00:00
----------------------------------------------------------

35/66 Testing: openMVG_test_metric
35/66 Test: openMVG_test_metric
Command: "/home/pi/Downloads/openMVG_Build2/Linux-armv7l-RELEASE/openMVG_test_metric"
Directory: /home/pi/Downloads/openMVG_Build2/openMVG/matching
"openMVG_test_metric" start time: Mar 23 23:48 CET
Output:
----------------------------------------------------------


 Launching Test : 44Metric_HAMMING_BITSET_RAW_MEMORY_32BITS_Test



 	 TEST -> [OK]



 Launching Test : 44Metric_HAMMING_BITSET_RAW_MEMORY_64BITS_Test



 	 TEST -> [OK]



 Launching Test : 26Metric_HAMMING_BITSET_Test



 	 TEST -> [OK]



 Launching Test : 25Metric_L2_Vectorized_Test



 	 TEST -> [OK]



 Launching Test : 21Metric_L2_Simple_Test



 	 TEST -> [OK]


---------
[TEST SESSION RESULTS]
---------
There were no test failures
<end of output>
Test time =   0.01 sec
----------------------------------------------------------
Test Passed.
"openMVG_test_metric" end time: Mar 23 23:48 CET
"openMVG_test_metric" time elapsed: 00:00:00
----------------------------------------------------------

36/66 Testing: openMVG_test_Pair_Builder
36/66 Test: openMVG_test_Pair_Builder
Command: "/home/pi/Downloads/openMVG_Build2/Linux-armv7l-RELEASE/openMVG_test_Pair_Builder"
Directory: /home/pi/Downloads/openMVG_Build2/openMVG/matching_image_collection
"openMVG_test_Pair_Builder" start time: Mar 23 23:48 CET
Output:
----------------------------------------------------------


 Launching Test : 46matching_image_collection_IO_InvalidInput_Test

loadPairs: Invalid input file. Image out of range. I: 10 J:20 N:2
File: "pairsT_IO_InvalidInput.txt".
loadPairs: Invalid input file. Image out of range. I: 10 J:20 N:2
File: "pairsT_IO_InvalidInput.txt".


 	 TEST -> [OK]



 Launching Test : 33matching_image_collection_IO_Test



 	 TEST -> [OK]



 Launching Test : 52matching_image_collection_contiguousWithOverlap_Test



 	 TEST -> [OK]



 Launching Test : 46matching_image_collection_exhaustivePairs_Test



 	 TEST -> [OK]


---------
[TEST SESSION RESULTS]
---------
There were no test failures
<end of output>
Test time =   0.02 sec
----------------------------------------------------------
Test Passed.
"openMVG_test_Pair_Builder" end time: Mar 23 23:48 CET
"openMVG_test_Pair_Builder" time elapsed: 00:00:00
----------------------------------------------------------

37/66 Testing: openMVG_test_triangulation
37/66 Test: openMVG_test_triangulation
Command: "/home/pi/Downloads/openMVG_Build2/Linux-armv7l-RELEASE/openMVG_test_triangulation"
Directory: /home/pi/Downloads/openMVG_Build2/openMVG/multiview
"openMVG_test_triangulation" start time: Mar 23 23:48 CET
Output:
----------------------------------------------------------


 Launching Test : 33Triangulation_TriangulateDLT_Test



 	 TEST -> [OK]


---------
[TEST SESSION RESULTS]
---------
There were no test failures
<end of output>
Test time =   0.03 sec
----------------------------------------------------------
Test Passed.
"openMVG_test_triangulation" end time: Mar 23 23:48 CET
"openMVG_test_triangulation" time elapsed: 00:00:00
----------------------------------------------------------

38/66 Testing: openMVG_test_triangulation_nview
38/66 Test: openMVG_test_triangulation_nview
Command: "/home/pi/Downloads/openMVG_Build2/Linux-armv7l-RELEASE/openMVG_test_triangulation_nview"
Directory: /home/pi/Downloads/openMVG_Build2/openMVG/multiview
"openMVG_test_triangulation_nview" start time: Mar 23 23:48 CET
Output:
----------------------------------------------------------


 Launching Test : 41Triangulate_NViewIterative_FiveViews_Test



 	 TEST -> [OK]



 Launching Test : 41Triangulate_NViewAlgebraic_FiveViews_Test



 	 TEST -> [OK]



 Launching Test : 32Triangulate_NView_FiveViews_Test



 	 TEST -> [OK]


---------
[TEST SESSION RESULTS]
---------
There were no test failures
<end of output>
Test time =   0.03 sec
----------------------------------------------------------
Test Passed.
"openMVG_test_triangulation_nview" end time: Mar 23 23:48 CET
"openMVG_test_triangulation_nview" time elapsed: 00:00:00
----------------------------------------------------------

39/66 Testing: openMVG_test_solver_affine
39/66 Test: openMVG_test_solver_affine
Command: "/home/pi/Downloads/openMVG_Build2/Linux-armv7l-RELEASE/openMVG_test_solver_affine"
Directory: /home/pi/Downloads/openMVG_Build2/openMVG/multiview
"openMVG_test_solver_affine" start time: Mar 23 23:48 CET
Output:
----------------------------------------------------------


 Launching Test : 31Affine3DTest_AffineGeneral_Test

Mat Affine3D 
 3 -1  4  1
 6 -2 -3 -6
 1  0  1  2
 0  0  0  1

 	 TEST -> [OK]



 Launching Test : 43Affine3DTest_RotationAndTranslationXYZ_Test

Mat Affine3D  0.281167  0.950488 -0.132352         1
 -0.53569 0.0410213 -0.843418         3
 -0.79623  0.308041  0.520701        -2
        0         0         0         1


 	 TEST -> [OK]



 Launching Test : 32Affine3DTest_TranslationXYZ_Test

Mat Affine3D 
           1            0            0            2
 -3.4602e-16            1  6.34413e-17           -1
 1.25825e-16 -1.85037e-17            1            1
           0            0            0            1

 	 TEST -> [OK]



 Launching Test : 30Affine3DTest_TranslationZ_Test

Mat Affine3D 
           1  2.28575e-17  2.84553e-17            0
           0            1            0            0
 1.25825e-16 -1.85037e-17            1            1
           0            0            0            1

 	 TEST -> [OK]



 Launching Test : 31Affine2DTest_AffineGeneral_Test

Mat Affine2D 
 3 -1  4
 6 -2 -3
 0  0  1

 	 TEST -> [OK]



 Launching Test : 44Affine2DTest_Rotation45AndTranslationXY_Test

Mat Affine2D 
 0.525322  0.850904        -2
-0.850904  0.525322         5
        0         0         1

 	 TEST -> [OK]



 Launching Test : 28Affine2DTest_Rotation45_Test

Mat Affine2D  0.525322 -0.850904         0
 0.850904  0.525322         0
        0         0         1


 	 TEST -> [OK]



 Launching Test : 31Affine2DTest_TranslationXY_Test

Mat Affine2D 
1 0 1
0 1 1
0 0 1

 	 TEST -> [OK]



 Launching Test : 30Affine2DTest_TranslationX_Test

Mat Affine2D 
1 0 1
0 1 0
0 0 1

 	 TEST -> [OK]


---------
[TEST SESSION RESULTS]
---------
There were no test failures
<end of output>
Test time =   0.03 sec
----------------------------------------------------------
Test Passed.
"openMVG_test_solver_affine" end time: Mar 23 23:48 CET
"openMVG_test_solver_affine" time elapsed: 00:00:00
----------------------------------------------------------

40/66 Testing: openMVG_test_solver_fundamental_kernel
40/66 Test: openMVG_test_solver_fundamental_kernel
Command: "/home/pi/Downloads/openMVG_Build2/Linux-armv7l-RELEASE/openMVG_test_solver_fundamental_kernel"
Directory: /home/pi/Downloads/openMVG_Build2/openMVG/multiview
"openMVG_test_solver_fundamental_kernel" start time: Mar 23 23:48 CET
Output:
----------------------------------------------------------


 Launching Test : 39EightPointTest_Normalized_EasyCase_Test



 	 TEST -> [OK]



 Launching Test : 28EightPointTest_EasyCase_Test



 	 TEST -> [OK]



 Launching Test : 39SevenPointTest_Normalized_EasyCase_Test



 	 TEST -> [OK]



 Launching Test : 28SevenPointTest_EasyCase_Test



 	 TEST -> [OK]


---------
[TEST SESSION RESULTS]
---------
There were no test failures
<end of output>
Test time =   0.04 sec
----------------------------------------------------------
Test Passed.
"openMVG_test_solver_fundamental_kernel" end time: Mar 23 23:48 CET
"openMVG_test_solver_fundamental_kernel" time elapsed: 00:00:00
----------------------------------------------------------

41/66 Testing: openMVG_test_solver_essential_kernel
41/66 Test: openMVG_test_solver_essential_kernel
Command: "/home/pi/Downloads/openMVG_Build2/Linux-armv7l-RELEASE/openMVG_test_solver_essential_kernel"
Directory: /home/pi/Downloads/openMVG_Build2/openMVG/multiview
"openMVG_test_solver_essential_kernel" start time: Mar 23 23:48 CET
Output:
----------------------------------------------------------


 Launching Test : 54FivePointKernelTest_FivePointsRelativePose_Kernel_Test



 	 TEST -> [OK]



 Launching Test : 36FivePointKernelTest_KernelError_Test



 	 TEST -> [OK]



 Launching Test : 59EightPointsRelativePose_EightPointsRelativePose_Kernel_Test



 	 TEST -> [OK]



 Launching Test : 67EightPointsRelativePose_EightPointsRelativePose_Kernel_IdFocal_Test



 	 TEST -> [OK]


---------
[TEST SESSION RESULTS]
---------
There were no test failures
<end of output>
Test time =   0.05 sec
----------------------------------------------------------
Test Passed.
"openMVG_test_solver_essential_kernel" end time: Mar 23 23:48 CET
"openMVG_test_solver_essential_kernel" time elapsed: 00:00:00
----------------------------------------------------------

42/66 Testing: openMVG_test_solver_homography_kernel
42/66 Test: openMVG_test_solver_homography_kernel
Command: "/home/pi/Downloads/openMVG_Build2/Linux-armv7l-RELEASE/openMVG_test_solver_homography_kernel"
Directory: /home/pi/Downloads/openMVG_Build2/openMVG/multiview
"openMVG_test_solver_homography_kernel" start time: Mar 23 23:48 CET
Output:
----------------------------------------------------------


 Launching Test : 44HomographyKernelTest_Fitting_Normalized_Test



 	 TEST -> [OK]



 Launching Test : 46HomographyKernelTest_Fitting_Unnormalized_Test



 	 TEST -> [OK]


---------
[TEST SESSION RESULTS]
---------
There were no test failures
<end of output>
Test time =   0.03 sec
----------------------------------------------------------
Test Passed.
"openMVG_test_solver_homography_kernel" end time: Mar 23 23:48 CET
"openMVG_test_solver_homography_kernel" time elapsed: 00:00:00
----------------------------------------------------------

43/66 Testing: openMVG_test_solver_essential_five_point
43/66 Test: openMVG_test_solver_essential_five_point
Command: "/home/pi/Downloads/openMVG_Build2/Linux-armv7l-RELEASE/openMVG_test_solver_essential_five_point"
Directory: /home/pi/Downloads/openMVG_Build2/openMVG/multiview
"openMVG_test_solver_essential_five_point" start time: Mar 23 23:48 CET
Output:
----------------------------------------------------------


 Launching Test : 42FivePointsRelativePose_test_data_sets_Test



 	 TEST -> [OK]



 Launching Test : 34FivePointsRelativePose_Random_Test



 	 TEST -> [OK]



 Launching Test : 18o2_Evaluation_Test



 	 TEST -> [OK]



 Launching Test : 18o1_Evaluation_Test



 	 TEST -> [OK]



 Launching Test : 55FivePointsNullspaceBasis_SatisfyEpipolarConstraint_Test



 	 TEST -> [OK]


---------
[TEST SESSION RESULTS]
---------
There were no test failures
<end of output>
Test time =   0.05 sec
----------------------------------------------------------
Test Passed.
"openMVG_test_solver_essential_five_point" end time: Mar 23 23:48 CET
"openMVG_test_solver_essential_five_point" time elapsed: 00:00:00
----------------------------------------------------------

44/66 Testing: openMVG_test_solver_resection_kernel
44/66 Test: openMVG_test_solver_resection_kernel
Command: "/home/pi/Downloads/openMVG_Build2/Linux-armv7l-RELEASE/openMVG_test_solver_resection_kernel"
Directory: /home/pi/Downloads/openMVG_Build2/openMVG/multiview
"openMVG_test_solver_resection_kernel" start time: Mar 23 23:48 CET
Output:
----------------------------------------------------------


 Launching Test : 45EuclideanResection_Points6AllRandomInput_Test



 	 TEST -> [OK]



 Launching Test : 31P3P_Kneip_CVPR11_Multiview_Test



 	 TEST -> [OK]



 Launching Test : 31Resection_Kernel_Multiview_Test



 	 TEST -> [OK]


---------
[TEST SESSION RESULTS]
---------
There were no test failures
<end of output>
Test time =   0.03 sec
----------------------------------------------------------
Test Passed.
"openMVG_test_solver_resection_kernel" end time: Mar 23 23:48 CET
"openMVG_test_solver_resection_kernel" time elapsed: 00:00:00
----------------------------------------------------------

45/66 Testing: openMVG_test_solver_translation_knownRotation_kernel
45/66 Test: openMVG_test_solver_translation_knownRotation_kernel
Command: "/home/pi/Downloads/openMVG_Build2/Linux-armv7l-RELEASE/openMVG_test_solver_translation_knownRotation_kernel"
Directory: /home/pi/Downloads/openMVG_Build2/openMVG/multiview
"openMVG_test_solver_translation_knownRotation_kernel" start time: Mar 23 23:48 CET
Output:
----------------------------------------------------------


 Launching Test : 47Translation_knownRotation_Kernel_Multiview_Test



 	 TEST -> [OK]


---------
[TEST SESSION RESULTS]
---------
There were no test failures
<end of output>
Test time =   0.03 sec
----------------------------------------------------------
Test Passed.
"openMVG_test_solver_translation_knownRotation_kernel" end time: Mar 23 23:48 CET
"openMVG_test_solver_translation_knownRotation_kernel" time elapsed: 00:00:00
----------------------------------------------------------

46/66 Testing: openMVG_test_rotation_averaging
46/66 Test: openMVG_test_rotation_averaging
Command: "/home/pi/Downloads/openMVG_Build2/Linux-armv7l-RELEASE/openMVG_test_rotation_averaging"
Directory: /home/pi/Downloads/openMVG_Build2/openMVG/multiview
"openMVG_test_rotation_averaging" start time: Mar 23 23:48 CET
Output:
----------------------------------------------------------


 Launching Test : 71rotation_averaging_RefineRotationsAvgL1IRLS_CompleteGraph_outliers_Test

L1RA Converged in 5 iterations.
IRLS Converged in 2 iterations.
Refine global rotations using L1RA-IRLS and 10 relative rotations:
 error reduced from 0.332506(0 min, 1.66255 max)
 to 0.334675(0.000539858min,1.66249max)
Inliers: 
0 1 1 0 1 1 1 1 1 1 
L1RA Converged in 1 iterations.
IRLS Converged in 1 iterations.
Refine global rotations using L1RA-IRLS and 8 relative rotations:
 error reduced from 8.61508e-17(0 min, 2.28878e-16 max)
 to 8.61508e-17(0min,2.28878e-16max)


 	 TEST -> [OK]



 Launching Test : 62rotation_averaging_RefineRotationsAvgL1IRLS_CompleteGraph_Test

L1RA Converged in 1 iterations.
IRLS Converged in 1 iterations.
Refine global rotations using L1RA-IRLS and 15 relative rotations:
 error reduced from 1.14763e-16(0 min, 2.77556e-16 max)
 to 1.14763e-16(0min,2.77556e-16max)


 	 TEST -> [OK]



 Launching Test : 62rotation_averaging_RefineRotationsAvgL1IRLS_SimpleTriplet_Test

L1RA Converged in 1 iterations.
IRLS Converged in 1 iterations.
Refine global rotations using L1RA-IRLS and 3 relative rotations:
 error reduced from 3.63685e-16(0 min, 9.15513e-16 max)
 to 3.0807e-16(2.22045e-16min,3.51083e-16max)


 	 TEST -> [OK]



 Launching Test : 55rotation_averaging_RefineRotationsL2_CompleteGraph_Test



 	 TEST -> [OK]



 Launching Test : 52rotation_averaging_RotationLeastSquare_3_Camera_Test



 	 TEST -> [OK]



 Launching Test : 53rotation_averaging_ClosestSVDRotationMatrixNoisy_Test



 	 TEST -> [OK]



 Launching Test : 48rotation_averaging_ClosestSVDRotationMatrix_Test



 	 TEST -> [OK]


---------
[TEST SESSION RESULTS]
---------
There were no test failures
<end of output>
Test time =   0.09 sec
----------------------------------------------------------
Test Passed.
"openMVG_test_rotation_averaging" end time: Mar 23 23:48 CET
"openMVG_test_rotation_averaging" time elapsed: 00:00:00
----------------------------------------------------------

47/66 Testing: openMVG_test_translation_averaging
47/66 Test: openMVG_test_translation_averaging
Command: "/home/pi/Downloads/openMVG_Build2/Linux-armv7l-RELEASE/openMVG_test_translation_averaging"
Directory: /home/pi/Downloads/openMVG_Build2/openMVG/multiview
"openMVG_test_translation_averaging" start time: Mar 23 23:48 CET
Output:
----------------------------------------------------------


 Launching Test : 56translation_averaging_globalTi_from_tijs_l2_chordal_Test


Solver Summary (v 1.11.0-eigen-(3.2.8)-lapack-cxsparse-()-no_openmp)

                                     Original                  Reduced
Parameter blocks                           12                       11
Parameters                                 36                       33
Residual blocks                            24                       24
Residual                                   72                       72

Minimizer                        TRUST_REGION

Sparse linear algebra library       CX_SPARSE
Trust region strategy     LEVENBERG_MARQUARDT

                                        Given                     Used
Linear solver          SPARSE_NORMAL_CHOLESKY   SPARSE_NORMAL_CHOLESKY
Threads                                     1                        1
Linear solver threads                       1                        1

Cost:
Initial                          2.301960e+01
Final                            2.412877e-21
Change                           2.301960e+01

Minimizer iterations                       15
Successful steps                           11
Unsuccessful steps                          4

Time (in seconds):
Preprocessor                           0.0218

  Residual evaluation                  0.0003
  Jacobian evaluation                  0.0014
  Linear solver                        0.0147
Minimizer                              0.0193

Postprocessor                          0.0000
Total                                  0.0411

Termination:                      CONVERGENCE (Gradient tolerance reached. Gradient max norm: 7.711942e-12 <= 1.000000e-10)



 	 TEST -> [OK]



 Launching Test : 58translation_averaging_globalTi_from_tijs_softl1_Ceres_Test



 	 TEST -> [OK]



 Launching Test : 67translation_averaging_globalTi_from_tijs_Triplets_softL1_Ceres_Test



 	 TEST -> [OK]


---------
[TEST SESSION RESULTS]
---------
There were no test failures
<end of output>
Test time =   0.13 sec
----------------------------------------------------------
Test Passed.
"openMVG_test_translation_averaging" end time: Mar 23 23:48 CET
"openMVG_test_translation_averaging" time elapsed: 00:00:00
----------------------------------------------------------

48/66 Testing: openMVG_test_numeric
48/66 Test: openMVG_test_numeric
Command: "/home/pi/Downloads/openMVG_Build2/Linux-armv7l-RELEASE/openMVG_test_numeric"
Directory: /home/pi/Downloads/openMVG_Build2/openMVG/numeric
"openMVG_test_numeric" start time: Mar 23 23:48 CET
Output:
----------------------------------------------------------


 Launching Test : 37Numeric_MeanAndVarianceAlongRows_Test



 	 TEST -> [OK]



 Launching Test : 27Numeric_ExtractColumns_Test



 	 TEST -> [OK]



 Launching Test : 22TinyMatrix_LookAt_Test



 	 TEST -> [OK]



 Launching Test : 23TinyMatrix_product_Test



 	 TEST -> [OK]



 Launching Test : 29TinyMatrix_checkIdentity_Test


1 0 0
0 1 0
0 0 1

 	 TEST -> [OK]



 Launching Test : 21TinyMatrix_print_Test

1 0 0
0 1 0
0 0 1

 	 TEST -> [OK]


---------
[TEST SESSION RESULTS]
---------
There were no test failures
<end of output>
Test time =   0.02 sec
----------------------------------------------------------
Test Passed.
"openMVG_test_numeric" end time: Mar 23 23:48 CET
"openMVG_test_numeric" time elapsed: 00:00:00
----------------------------------------------------------

49/66 Testing: openMVG_test_poly
49/66 Test: openMVG_test_poly
Command: "/home/pi/Downloads/openMVG_Build2/Linux-armv7l-RELEASE/openMVG_test_poly"
Directory: /home/pi/Downloads/openMVG_Build2/openMVG/numeric
"openMVG_test_poly" start time: Mar 23 23:48 CET
Output:
----------------------------------------------------------


 Launching Test : 30Poly_SolveCubicPolynomial_Test



 	 TEST -> [OK]


---------
[TEST SESSION RESULTS]
---------
There were no test failures
<end of output>
Test time =   0.01 sec
----------------------------------------------------------
Test Passed.
"openMVG_test_poly" end time: Mar 23 23:48 CET
"openMVG_test_poly" time elapsed: 00:00:00
----------------------------------------------------------

50/66 Testing: openMVG_test_lm
50/66 Test: openMVG_test_lm
Command: "/home/pi/Downloads/openMVG_Build2/Linux-armv7l-RELEASE/openMVG_test_lm"
Directory: /home/pi/Downloads/openMVG_Build2/openMVG/numeric
"openMVG_test_lm" start time: Mar 23 23:48 CET
Output:
----------------------------------------------------------


 Launching Test : 25LM_MimimaSearchViaLM_Test

info2


 	 TEST -> [OK]


---------
[TEST SESSION RESULTS]
---------
There were no test failures
<end of output>
Test time =   0.02 sec
----------------------------------------------------------
Test Passed.
"openMVG_test_lm" end time: Mar 23 23:48 CET
"openMVG_test_lm" time elapsed: 00:00:00
----------------------------------------------------------

51/66 Testing: openMVG_test_l1_solver
51/66 Test: openMVG_test_l1_solver
Command: "/home/pi/Downloads/openMVG_Build2/Linux-armv7l-RELEASE/openMVG_test_l1_solver"
Directory: /home/pi/Downloads/openMVG_Build2/openMVG/numeric
"openMVG_test_l1_solver" start time: Mar 23 23:48 CET
Output:
----------------------------------------------------------


 Launching Test : 27L1Solver_ADMM_Decoding_Test



 	 TEST -> [OK]



 Launching Test : 30L1Solver_L1Magic_Decoding_Test



 	 TEST -> [OK]


---------
[TEST SESSION RESULTS]
---------
There were no test failures
<end of output>
Test time =   7.13 sec
----------------------------------------------------------
Test Passed.
"openMVG_test_l1_solver" end time: Mar 23 23:48 CET
"openMVG_test_l1_solver" time elapsed: 00:00:07
----------------------------------------------------------

52/66 Testing: openMVG_test_rand_sampling
52/66 Test: openMVG_test_rand_sampling
Command: "/home/pi/Downloads/openMVG_Build2/Linux-armv7l-RELEASE/openMVG_test_rand_sampling"
Directory: /home/pi/Downloads/openMVG_Build2/openMVG/robust_estimation
"openMVG_test_rand_sampling" start time: Mar 23 23:48 CET
Output:
----------------------------------------------------------


 Launching Test : 59UniformSampleTestInAVectorOfUniqueElements_NoRepetions_Test



 	 TEST -> [OK]



 Launching Test : 42UniformSampleTestInARange_NoRepetions_Test



 	 TEST -> [OK]


---------
[TEST SESSION RESULTS]
---------
There were no test failures
<end of output>
Test time =   0.02 sec
----------------------------------------------------------
Test Passed.
"openMVG_test_rand_sampling" end time: Mar 23 23:48 CET
"openMVG_test_rand_sampling" time elapsed: 00:00:00
----------------------------------------------------------

53/66 Testing: openMVG_test_robust_estimator_lineKernel
53/66 Test: openMVG_test_robust_estimator_lineKernel
Command: "/home/pi/Downloads/openMVG_Build2/Linux-armv7l-RELEASE/openMVG_test_robust_estimator_lineKernel"
Directory: /home/pi/Downloads/openMVG_Build2/openMVG/robust_estimation
"openMVG_test_robust_estimator_lineKernel" start time: Mar 23 23:48 CET
Output:
----------------------------------------------------------


 Launching Test : 23LineFitter_ItWorks_Test



 	 TEST -> [OK]


---------
[TEST SESSION RESULTS]
---------
There were no test failures
<end of output>
Test time =   0.02 sec
----------------------------------------------------------
Test Passed.
"openMVG_test_robust_estimator_lineKernel" end time: Mar 23 23:48 CET
"openMVG_test_robust_estimator_lineKernel" time elapsed: 00:00:00
----------------------------------------------------------

54/66 Testing: openMVG_test_robust_estimator_MaxConsensus
54/66 Test: openMVG_test_robust_estimator_MaxConsensus
Command: "/home/pi/Downloads/openMVG_Build2/Linux-armv7l-RELEASE/openMVG_test_robust_estimator_MaxConsensus"
Directory: /home/pi/Downloads/openMVG_Build2/openMVG/robust_estimation
"openMVG_test_robust_estimator_MaxConsensus" start time: Mar 23 23:48 CET
Output:
----------------------------------------------------------


 Launching Test : 41MaxConsensusLineFitter_RealisticCase_Test



 	 TEST -> [OK]



 Launching Test : 40MaxConsensusLineFitter_TooFewPoints_Test



 	 TEST -> [OK]



 Launching Test : 38MaxConsensusLineFitter_OneOutlier_Test



 	 TEST -> [OK]



 Launching Test : 57MaxConsensusLineFitter_OutlierFree_DoNotGetBackModel_Test



 	 TEST -> [OK]



 Launching Test : 39MaxConsensusLineFitter_OutlierFree_Test



 	 TEST -> [OK]


---------
[TEST SESSION RESULTS]
---------
There were no test failures
<end of output>
Test time =   0.08 sec
----------------------------------------------------------
Test Passed.
"openMVG_test_robust_estimator_MaxConsensus" end time: Mar 23 23:48 CET
"openMVG_test_robust_estimator_MaxConsensus" time elapsed: 00:00:00
----------------------------------------------------------

55/66 Testing: openMVG_test_robust_estimator_Ransac
55/66 Test: openMVG_test_robust_estimator_Ransac
Command: "/home/pi/Downloads/openMVG_Build2/Linux-armv7l-RELEASE/openMVG_test_robust_estimator_Ransac"
Directory: /home/pi/Downloads/openMVG_Build2/openMVG/robust_estimation
"openMVG_test_robust_estimator_Ransac" start time: Mar 23 23:48 CET
Output:
----------------------------------------------------------


 Launching Test : 41MaxConsensusLineFitter_RealisticCase_Test



 	 TEST -> [OK]



 Launching Test : 40MaxConsensusLineFitter_TooFewPoints_Test



 	 TEST -> [OK]



 Launching Test : 38MaxConsensusLineFitter_OneOutlier_Test



 	 TEST -> [OK]



 Launching Test : 39MaxConsensusLineFitter_OutlierFree_Test



 	 TEST -> [OK]


---------
[TEST SESSION RESULTS]
---------
There were no test failures
<end of output>
Test time =   0.02 sec
----------------------------------------------------------
Test Passed.
"openMVG_test_robust_estimator_Ransac" end time: Mar 23 23:48 CET
"openMVG_test_robust_estimator_Ransac" time elapsed: 00:00:00
----------------------------------------------------------

56/66 Testing: openMVG_test_robust_estimator_ACRansac
56/66 Test: openMVG_test_robust_estimator_ACRansac
Command: "/home/pi/Downloads/openMVG_Build2/Linux-armv7l-RELEASE/openMVG_test_robust_estimator_ACRansac"
Directory: /home/pi/Downloads/openMVG_Build2/openMVG/robust_estimation
"openMVG_test_robust_estimator_ACRansac" start time: Mar 23 23:48 CET
Output:
----------------------------------------------------------


 Launching Test : 34RansacLineFitter_ACRANSACSimu_Test

Remove 116/282 duplicate matches,  keeping 166


 	 TEST -> [OK]



 Launching Test : 35RansacLineFitter_RealisticCase_Test



 	 TEST -> [OK]



 Launching Test : 34RansacLineFitter_TooFewPoints_Test



 	 TEST -> [OK]



 Launching Test : 32RansacLineFitter_OneOutlier_Test



 	 TEST -> [OK]



 Launching Test : 51RansacLineFitter_OutlierFree_DoNotGetBackModel_Test



 	 TEST -> [OK]



 Launching Test : 33RansacLineFitter_OutlierFree_Test



 	 TEST -> [OK]


---------
[TEST SESSION RESULTS]
---------
There were no test failures
<end of output>
Test time =   0.28 sec
----------------------------------------------------------
Test Passed.
"openMVG_test_robust_estimator_ACRansac" end time: Mar 23 23:48 CET
"openMVG_test_robust_estimator_ACRansac" time elapsed: 00:00:00
----------------------------------------------------------

57/66 Testing: openMVG_test_tracks
57/66 Test: openMVG_test_tracks
Command: "/home/pi/Downloads/openMVG_Build2/Linux-armv7l-RELEASE/openMVG_test_tracks"
Directory: /home/pi/Downloads/openMVG_Build2/openMVG/tracks
"openMVG_test_tracks" start time: Mar 23 23:48 CET
Output:
----------------------------------------------------------


 Launching Test : 20Tracks_Conflict_Test



 	 TEST -> [OK]



 Launching Test : 31Tracks_filter_3viewAtLeast_Test



 	 TEST -> [OK]



 Launching Test : 18Tracks_Simple_Test



 	 TEST -> [OK]


---------
[TEST SESSION RESULTS]
---------
There were no test failures
<end of output>
Test time =   0.02 sec
----------------------------------------------------------
Test Passed.
"openMVG_test_tracks" end time: Mar 23 23:48 CET
"openMVG_test_tracks" time elapsed: 00:00:00
----------------------------------------------------------

58/66 Testing: openMVG_test_global_quantile_gain_offset_alignment
58/66 Test: openMVG_test_global_quantile_gain_offset_alignment
Command: "/home/pi/Downloads/openMVG_Build2/Linux-armv7l-RELEASE/openMVG_test_global_quantile_gain_offset_alignment"
Directory: /home/pi/Downloads/openMVG_Build2/openMVG/color_harmonization
"openMVG_test_global_quantile_gain_offset_alignment" start time: Mar 23 23:48 CET
Output:
----------------------------------------------------------


 Launching Test : 35ColorHarmonisation_Offset_gain_Test



Found solution:
1 0 0.3375 72.4312 1 0 0.44375 

 	 TEST -> [OK]



 Launching Test : 37ColorHarmonisation_Simple_offset_Test



Found solution:
1 0 1 20 0 

 	 TEST -> [OK]


---------
[TEST SESSION RESULTS]
---------
There were no test failures
<end of output>
Test time =   0.16 sec
----------------------------------------------------------
Test Passed.
"openMVG_test_global_quantile_gain_offset_alignment" end time: Mar 23 23:48 CET
"openMVG_test_global_quantile_gain_offset_alignment" time elapsed: 00:00:00
----------------------------------------------------------

59/66 Testing: openMVG_test_sfm_data_io
59/66 Test: openMVG_test_sfm_data_io
Command: "/home/pi/Downloads/openMVG_Build2/Linux-armv7l-RELEASE/openMVG_test_sfm_data_io"
Directory: /home/pi/Downloads/openMVG_Build2/openMVG/sfm
"openMVG_test_sfm_data_io" start time: Mar 23 23:48 CET
Output:
----------------------------------------------------------


 Launching Test : 25SfM_Data_IO_SAVE_PLY_Test

Testing:SAVE_LOAD.ply


 	 TEST -> [OK]



 Launching Test : 31SfM_Data_IO_SAVE_LOAD_JSON_Test

Testing:SAVE_LOAD.json
Testing:SAVE_LOAD.bin
Testing:SAVE_LOAD.xml


 	 TEST -> [OK]


---------
[TEST SESSION RESULTS]
---------
There were no test failures
<end of output>
Test time =   0.35 sec
----------------------------------------------------------
Test Passed.
"openMVG_test_sfm_data_io" end time: Mar 23 23:48 CET
"openMVG_test_sfm_data_io" time elapsed: 00:00:00
----------------------------------------------------------

60/66 Testing: openMVG_test_sfm_data_BA
60/66 Test: openMVG_test_sfm_data_BA
Command: "/home/pi/Downloads/openMVG_Build2/Linux-armv7l-RELEASE/openMVG_test_sfm_data_BA"
Directory: /home/pi/Downloads/openMVG_Build2/openMVG/sfm
"openMVG_test_sfm_data_BA" start time: Mar 23 23:48 CET
Output:
----------------------------------------------------------


 Launching Test : 63BUNDLE_ADJUSTMENT_EffectiveMinimization_Pinhole_PosePriors_Test


Bundle Adjustment statistics (approximated RMSE):
 #views: 12
 #poses: 12
 #intrinsics: 1
 #tracks: 6
 #residuals: 144
 Initial RMSE: 28.2231
 Final RMSE: 8.07505e-12
 Time (s): 0.136114


Bundle Adjustment statistics (approximated RMSE):
 #views: 12
 #poses: 12
 #intrinsics: 1
 #tracks: 6
 #residuals: 180
 Initial RMSE: 7.21697e-12
 Final RMSE: 7.21697e-12
 Time (s): 0.00358105

Usable motion priors: 1
Pose prior statistics (user units):
 - Starting median fitting error: 2.86305e-13
 - Final fitting error:
	 min: 1.09519e-13
	 mean: 3.55922e-13
	 median: 2.8696e-13
	 max: 7.95694e-13


 	 TEST -> [OK]



 Launching Test : 56BUNDLE_ADJUSTMENT_EffectiveMinimization_Pinhole_GCP_Test


Bundle Adjustment statistics (approximated RMSE):
 #views: 3
 #poses: 3
 #intrinsics: 1
 #tracks: 6
 #residuals: 60
 Initial RMSE: 706.574
 Final RMSE: 0.0354715
 Time (s): 0.00977492



 	 TEST -> [OK]



 Launching Test : 70BUNDLE_ADJUSTMENT_EffectiveMinimization_Pinhole_Intrinsic_Fisheye_Test


Bundle Adjustment statistics (approximated RMSE):
 #views: 3
 #poses: 3
 #intrinsics: 1
 #tracks: 6
 #residuals: 36
 Initial RMSE: 27.5021
 Final RMSE: 1.63542e-09
 Time (s): 0.018786



 	 TEST -> [OK]



 Launching Test : 71BUNDLE_ADJUSTMENT_EffectiveMinimization_Pinhole_Intrinsic_Brown_T2_Test


Bundle Adjustment statistics (approximated RMSE):
 #views: 3
 #poses: 3
 #intrinsics: 1
 #tracks: 6
 #residuals: 36
 Initial RMSE: 29.182
 Final RMSE: 1.40653e-10
 Time (s): 0.0105989



 	 TEST -> [OK]



 Launching Test : 62BUNDLE_ADJUSTMENT_EffectiveMinimization_Pinhole_Radial_K3_Test


Bundle Adjustment statistics (approximated RMSE):
 #views: 3
 #poses: 3
 #intrinsics: 1
 #tracks: 6
 #residuals: 36
 Initial RMSE: 29.1081
 Final RMSE: 0.00167546
 Time (s): 0.0194161



 	 TEST -> [OK]



 Launching Test : 62BUNDLE_ADJUSTMENT_EffectiveMinimization_Pinhole_Radial_K1_Test


Bundle Adjustment statistics (approximated RMSE):
 #views: 3
 #poses: 3
 #intrinsics: 1
 #tracks: 6
 #residuals: 36
 Initial RMSE: 30.2897
 Final RMSE: 0.0240954
 Time (s): 0.073148



 	 TEST -> [OK]



 Launching Test : 52BUNDLE_ADJUSTMENT_EffectiveMinimization_Pinhole_Test


Bundle Adjustment statistics (approximated RMSE):
 #views: 3
 #poses: 3
 #intrinsics: 1
 #tracks: 6
 #residuals: 36
 Initial RMSE: 28.461
 Final RMSE: 0.0222514
 Time (s): 0.043473



 	 TEST -> [OK]


---------
[TEST SESSION RESULTS]
---------
There were no test failures
<end of output>
Test time =   0.45 sec
----------------------------------------------------------
Test Passed.
"openMVG_test_sfm_data_BA" end time: Mar 23 23:48 CET
"openMVG_test_sfm_data_BA" time elapsed: 00:00:00
----------------------------------------------------------

61/66 Testing: openMVG_test_sfm_data_utils
61/66 Test: openMVG_test_sfm_data_utils
Command: "/home/pi/Downloads/openMVG_Build2/Linux-armv7l-RELEASE/openMVG_test_sfm_data_utils"
Directory: /home/pi/Downloads/openMVG_Build2/openMVG/sfm
"openMVG_test_sfm_data_utils" start time: Mar 23 23:48 CET
Output:
----------------------------------------------------------


 Launching Test : 66SfM_Data_IntrinsicGrouping_Grouping_Two_Different_Camera_Type_Test



 	 TEST -> [OK]



 Launching Test : 44SfM_Data_IntrinsicGrouping_Grouping_Two_Test



 	 TEST -> [OK]



 Launching Test : 43SfM_Data_IntrinsicGrouping_No_Grouping_Test



 	 TEST -> [OK]



 Launching Test : 44SfM_Data_IntrinsicGrouping_Grouping_One_Test



 	 TEST -> [OK]



 Launching Test : 37SfM_Data_IntrinsicGrouping_Empty_Test



 	 TEST -> [OK]


---------
[TEST SESSION RESULTS]
---------
There were no test failures
<end of output>
Test time =   0.20 sec
----------------------------------------------------------
Test Passed.
"openMVG_test_sfm_data_utils" end time: Mar 23 23:48 CET
"openMVG_test_sfm_data_utils" time elapsed: 00:00:00
----------------------------------------------------------

62/66 Testing: openMVG_test_sfm_data_filters
62/66 Test: openMVG_test_sfm_data_filters
Command: "/home/pi/Downloads/openMVG_Build2/Linux-armv7l-RELEASE/openMVG_test_sfm_data_filters"
Directory: /home/pi/Downloads/openMVG_Build2/openMVG/sfm
"openMVG_test_sfm_data_filters" start time: Mar 23 23:48 CET
Output:
----------------------------------------------------------


 Launching Test : 55SFM_DATA_FILTERS_eraseUnstablePosesAndObservations_Test



 	 TEST -> [OK]



 Launching Test : 55SFM_DATA_FILTERS_eraseObservationsWithMissingPoses_Test



 	 TEST -> [OK]



 Launching Test : 39SFM_DATA_FILTERS_eraseMissingPoses_Test



 	 TEST -> [OK]



 Launching Test : 40SFM_DATA_FILTERS_LargestViewTrackCC_Test



 	 TEST -> [OK]


---------
[TEST SESSION RESULTS]
---------
There were no test failures
<end of output>
Test time =   0.46 sec
----------------------------------------------------------
Test Passed.
"openMVG_test_sfm_data_filters" end time: Mar 23 23:48 CET
"openMVG_test_sfm_data_filters" time elapsed: 00:00:00
----------------------------------------------------------

63/66 Testing: openMVG_test_sequential_SfM
63/66 Test: openMVG_test_sequential_SfM
Command: "/home/pi/Downloads/openMVG_Build2/Linux-armv7l-RELEASE/openMVG_test_sequential_SfM"
Directory: /home/pi/Downloads/openMVG_Build2/openMVG/sfm/pipelines/sequential
"openMVG_test_sequential_SfM" start time: Mar 23 23:48 CET
Output:
----------------------------------------------------------


 Launching Test : 46SEQUENTIAL_SFM_Partially_Known_Intrinsics_Test


Track building

Track filtering

Track export to internal struct

Track stats
------------------
-- Tracks Stats --
 Tracks number: 32
 Images Id: 
0, 1, 2, 3, 4, 5, 
------------------
TrackLength, Occurrence
	6	32

A-Contrario initial pair residual: 2.33911

Bundle Adjustment statistics (approximated RMSE):
 #views: 2
 #poses: 2
 #intrinsics: 1
 #tracks: 32
 #residuals: 128
 Initial RMSE: 0.179035
 Final RMSE: 0.160583
 Time (s): 0.048516


=========================
 MSE Residual InitialPair Inlier: 


SequentialSfMReconstructionEngine::ComputeResidualsMSE.
	-- #Tracks:	32
	-- Residual min:	0.000663982
	-- Residual median:	0.0813612
	-- Residual max:	 0.833798
	-- Residual mean:	 0.151737
0.151737
=========================

-------------------------------
-- Robust Resection of view: 0
  nfa=-62.5042 inliers=28/32 precisionNormalized=0.000136936 precision=11.702 (iter=0 ,sample=0,5,24,16,18,10,)
  nfa=-68.3055 inliers=26/32 precisionNormalized=2.81204e-05 precision=5.30287 (iter=2 ,sample=3,6,8,10,1,21,)
  nfa=-93.0005 inliers=31/32 precisionNormalized=2.68795e-05 precision=5.18454 (iter=3 ,sample=26,6,11,30,15,0,)
  nfa=-105.869 inliers=31/32 precisionNormalized=8.13379e-06 precision=2.85198 (iter=7 ,sample=7,11,31,12,26,24,)
  nfa=-115.343 inliers=31/32 precisionNormalized=3.3293e-06 precision=1.82464 (iter=16 ,sample=14,17,0,15,4,5,)

-------------------------------
-- Robust Resection 
-- Resection status: 1
-- #Points used for Resection: 32
-- #Points validated by robust Resection: 31
-- Threshold: 1.82464
-------------------------------

Bundle Adjustment statistics (approximated RMSE):
 #views: 1
 #poses: 1
 #intrinsics: 1
 #tracks: 31
 #residuals: 62
 Initial RMSE: 0.549147
 Final RMSE: 0.46737
 Time (s): 0.00237513


-------------------------------
-- Robust Resection of view: 1
  nfa=-88.0037 inliers=32/32 precisionNormalized=6.82005e-05 precision=8.25836 (iter=0 ,sample=11,10,18,8,31,9,)
  nfa=-93.2396 inliers=31/32 precisionNormalized=2.62914e-05 precision=5.12752 (iter=27 ,sample=15,25,29,17,1,24,)
  nfa=-97.4606 inliers=31/32 precisionNormalized=1.77843e-05 precision=4.21714 (iter=35 ,sample=21,28,4,27,12,26,)
  nfa=-99.4494 inliers=31/32 precisionNormalized=1.47877e-05 precision=3.84548 (iter=47 ,sample=23,9,27,12,4,5,)
  nfa=-99.9848 inliers=31/32 precisionNormalized=1.40705e-05 precision=3.75106 (iter=94 ,sample=30,28,1,22,16,21,)
  nfa=-103.427 inliers=31/32 precisionNormalized=1.0215e-05 precision=3.1961 (iter=98 ,sample=21,29,2,12,28,27,)

-------------------------------
-- Robust Resection 
-- Resection status: 1
-- #Points used for Resection: 32
-- #Points validated by robust Resection: 31
-- Threshold: 3.1961
-------------------------------

Bundle Adjustment statistics (approximated RMSE):
 #views: 1
 #poses: 1
 #intrinsics: 1
 #tracks: 31
 #residuals: 62
 Initial RMSE: 0.764632
 Final RMSE: 0.732601
 Time (s): 0.00164795


-------------------------------
-- Robust Resection of view: 2
  nfa=-66.6341 inliers=25/32 precisionNormalized=1.99056e-05 precision=4.46157 (iter=0 ,sample=22,4,30,23,28,13,)
  nfa=-69.7709 inliers=30/32 precisionNormalized=0.000152599 precision=12.3531 (iter=4 ,sample=27,31,5,15,14,30,)
  nfa=-82.0155 inliers=32/32 precisionNormalized=0.000115989 precision=10.7698 (iter=5 ,sample=9,3,5,29,8,17,)
  nfa=-87.8309 inliers=31/32 precisionNormalized=4.33445e-05 precision=6.58365 (iter=6 ,sample=11,28,15,21,18,14,)
  nfa=-99.822 inliers=29/32 precisionNormalized=4.82113e-06 precision=2.19571 (iter=7 ,sample=20,0,7,2,10,24,)
  nfa=-107.338 inliers=30/32 precisionNormalized=4.03608e-06 precision=2.009 (iter=79 ,sample=21,0,12,7,18,9,)

-------------------------------
-- Robust Resection 
-- Resection status: 1
-- #Points used for Resection: 32
-- #Points validated by robust Resection: 30
-- Threshold: 2.009
-------------------------------

Bundle Adjustment statistics (approximated RMSE):
 #views: 1
 #poses: 1
 #intrinsics: 1
 #tracks: 30
 #residuals: 60
 Initial RMSE: 0.719719
 Final RMSE: 0.601075
 Time (s): 0.00220704


-------------------------------
-- Robust Resection of view: 4
  nfa=3.60149 inliers=9/32 precisionNormalized=0.0157394 precision=125.457 (iter=0 ,sample=0,10,17,)
  nfa=-110.265 inliers=29/32 precisionNormalized=7.88541e-06 precision=2.8081 (iter=0 ,sample=0,10,17,)
  nfa=-113.486 inliers=29/32 precisionNormalized=5.89849e-06 precision=2.42868 (iter=10 ,sample=5,2,25,)
  nfa=-114.911 inliers=29/32 precisionNormalized=5.18493e-06 precision=2.27704 (iter=95 ,sample=2,30,21,)

-------------------------------
-- Robust Resection 
-- Resection status: 1
-- #Points used for Resection: 32
-- #Points validated by robust Resection: 29
-- Threshold: 2.27704
-------------------------------

Bundle Adjustment statistics (approximated RMSE):
 #views: 1
 #poses: 1
 #intrinsics: 1
 #tracks: 29
 #residuals: 58
 Initial RMSE: 0.642407
 Final RMSE: 0.553118
 Time (s): 0.00180507


Bundle Adjustment statistics (approximated RMSE):
 #views: 6
 #poses: 6
 #intrinsics: 4
 #tracks: 32
 #residuals: 370
 Initial RMSE: 0.491939
 Final RMSE: 0.355122
 Time (s): 0.014503

Usable motion priors: 0


-------------------------------
-- Structure from Motion (statistics):
-- #Camera calibrated: 6 from 6 input images.
-- #Tracks, #3D points: 32
-------------------------------



SequentialSfMReconstructionEngine::ComputeResidualsMSE.
	-- #Tracks:	32
	-- Residual min:	0.00372079
	-- Residual median:	0.315758
	-- Residual max:	 1.61666
	-- Residual mean:	 0.394989

Histogram of residuals:

0	|	91
0.161	|	99
0.323	|	66
0.484	|	46
0.645	|	25
0.806	|	19
0.968	|	14
1.13	|	3
1.29	|	4
1.45	|	2
1.62

RMSE residual: 0.502219


 	 TEST -> [OK]



 Launching Test : 36SEQUENTIAL_SFM_Known_Intrinsics_Test


Track building

Track filtering

Track export to internal struct

Track stats
------------------
-- Tracks Stats --
 Tracks number: 32
 Images Id: 
0, 1, 2, 3, 4, 5, 
------------------
TrackLength, Occurrence
	6	32

A-Contrario initial pair residual: 4.16542

Bundle Adjustment statistics (approximated RMSE):
 #views: 2
 #poses: 2
 #intrinsics: 1
 #tracks: 32
 #residuals: 128
 Initial RMSE: 0.231345
 Final RMSE: 0.185072
 Time (s): 0.00473809


=========================
 MSE Residual InitialPair Inlier: 


SequentialSfMReconstructionEngine::ComputeResidualsMSE.
	-- #Tracks:	32
	-- Residual min:	8.20817e-05
	-- Residual median:	0.0563574
	-- Residual max:	 1.17658
	-- Residual mean:	 0.153528
0.153528
=========================

-------------------------------
-- Robust Resection of view: 0
  nfa=6.18049 inliers=4/32 precisionNormalized=0.0289071 precision=170.021 (iter=0 ,sample=27,16,10,)
  nfa=-76.7299 inliers=32/32 precisionNormalized=0.00045526 precision=21.3368 (iter=0 ,sample=27,16,10,)
  nfa=-103.133 inliers=32/32 precisionNormalized=5.58473e-05 precision=7.4731 (iter=1 ,sample=31,11,1,)
  nfa=-120.134 inliers=32/32 precisionNormalized=1.43915e-05 precision=3.79361 (iter=4 ,sample=18,20,16,)
  nfa=-121.136 inliers=32/32 precisionNormalized=1.32816e-05 precision=3.64439 (iter=95 ,sample=21,16,17,)
  nfa=-121.192 inliers=32/32 precisionNormalized=1.32222e-05 precision=3.63624 (iter=123 ,sample=31,27,10,)
  nfa=-121.383 inliers=32/32 precisionNormalized=1.30212e-05 precision=3.60849 (iter=400 ,sample=0,21,31,)

-------------------------------
-- Robust Resection 
-- Resection status: 1
-- #Points used for Resection: 32
-- #Points validated by robust Resection: 32
-- Threshold: 3.60849
-------------------------------

Bundle Adjustment statistics (approximated RMSE):
 #views: 1
 #poses: 1
 #intrinsics: 1
[...]
#Triplets before: 8
#Triplets after: 8

 #Edges removed by triplet inference: 0

CleanGraph_KeepLargestBiEdge_Nodes():: => connected Component: 1
Connected component of size: 6
Found #global_rotations: 6
Timing: 0.022 seconds

Relative/Global degree rotations residual errors {0,0.0768688}:

0	|	0
0.00384	|	3
0.00769	|	1
0.0115	|	1
0.0154	|	0
0.0192	|	1
0.0231	|	1
0.0269	|	0
0.0307	|	2
0.0346	|	0
0.0384	|	1
0.0423	|	0
0.0461	|	1
0.05	|	0
0.0538	|	0
0.0577	|	0
0.0615	|	0
0.0653	|	0
0.0692	|	0
0.073	|	1
0.0769


Relative/Global degree rotations residual errors {0,5}:

0	|	12
0.25	|	0
0.5	|	0
0.75	|	0
1	|	0
1.25	|	0
1.5	|	0
1.75	|	0
2	|	0
2.25	|	0
2.5	|	0
2.75	|	0
3	|	0
3.25	|	0
3.5	|	0
3.75	|	0
4	|	0
4.25	|	0
4.5	|	0
4.75	|	0
5


Statistics about global rotation evaluation:

	 min: 0.00585102
	 mean: 0.0266495
	 median: 0.0248606
	 max: 0.0768688
sh: 1: neato: not found

-------------------------------
 Relative translations computation: 
-------------------------------
#Triplets: 8

Relative translations computation (edge coverage algorithm)
0%   10   20   30   40   50   60   70   80   90   100%
|----|----|----|----|----|----|----|----|----|----|
***************************************************
TRIPLET COVERAGE TIMING:
-------------------------------
-- #Relative triplet of translations estimates: 6 computed from 8 triplets.
-- resulting in 18 translations estimation.
-- time to compute triplets of relative translations: 2.034 seconds.
-------------------------------

CleanGraph_KeepLargestBiEdge_Nodes():: => connected Component: 1
Connected component of size: 6

-------------------------------
 Global translations computation: 
   - Ready to compute 6 global translations.
     from #relative translations: 18

Track stats
------------------
-- Tracks Stats --
 Tracks number: 64
 Images Id: 
0, 1, 2, 3, 4, 5, 
------------------
TrackLength, Occurrence
	6	64

Blind triangulation progress:
0%   10   20   30   40   50   60   70   80   90   100%
|----|----|----|----|----|----|----|----|----|----|
***************************************************

#removed tracks (invalid triangulation): 0

  Triangulation took (s): 0.001

Bundle Adjustment statistics (approximated RMSE):
 #views: 6
 #poses: 6
 #intrinsics: 1
 #tracks: 64
 #residuals: 768
 Initial RMSE: 1.23998
 Final RMSE: 0.302703
 Time (s): 0.0223908

Usable motion priors: 0

Bundle Adjustment statistics (approximated RMSE):
 #views: 6
 #poses: 6
 #intrinsics: 1
 #tracks: 64
 #residuals: 768
 Initial RMSE: 0.302703
 Final RMSE: 0.297961
 Time (s): 0.0187118

Usable motion priors: 0
Outlier removal (remaining #points):
	 initial structure size #3DPoints: 64
		 pixel residual filter  #3DPoints: 64
		 angular filter         #3DPoints: 64

Bundle Adjustment statistics (approximated RMSE):
 #views: 6
 #poses: 6
 #intrinsics: 1
 #tracks: 64
 #residuals: 768
 Initial RMSE: 0.297961
 Final RMSE: 0.297961
 Time (s): 0.0107119

Usable motion priors: 0
RMSE residual: 0.42138


 	 TEST -> [OK]



 Launching Test : 66GLOBAL_SFM_RotationAveragingL2_TranslationAveragingL2_Chordal_Test


CleanGraph_KeepLargestBiEdge_Nodes():: => connected Component: 1
Connected component of size: 6

- Relative pose computation -
0%   10   20   30   40   50   60   70   80   90   100%
|----|----|----|----|----|----|----|----|----|----|
***************************************************
sh: 1: neato: not found
sh: 1: neato: not found

-------------------------------
 Global rotations computation: 
  #relative rotations: 12
  #global rotations: 6

Statistics about rotation triplets:

	 min: 0.0699571
	 mean: 0.232026
	 median: 0.184691
	 max: 0.44427


0	|	0
0.0222	|	0
0.0444	|	0
0.0666	|	1
0.0889	|	0
0.111	|	0
0.133	|	0
0.155	|	2
0.178	|	2
0.2	|	0
0.222	|	0
0.244	|	1
0.267	|	0
0.289	|	0
0.311	|	0
0.333	|	0
0.355	|	0
0.378	|	0
0.4	|	1
0.422	|	0
0.444


Triplets filtering based on composition error on unit cycles
#Triplets before: 8
#Triplets after: 8

 #Edges removed by triplet inference: 0

CleanGraph_KeepLargestBiEdge_Nodes():: => connected Component: 1
Connected component of size: 6
Found #global_rotations: 6
Timing: 0.002 seconds

Relative/Global degree rotations residual errors {0,0.100385}:

0	|	0
0.00502	|	1
0.01	|	1
0.0151	|	2
0.0201	|	1
0.0251	|	2
0.0301	|	0
0.0351	|	0
0.0402	|	0
0.0452	|	0
0.0502	|	0
0.0552	|	0
0.0602	|	1
0.0652	|	1
0.0703	|	1
0.0753	|	0
0.0803	|	1
0.0853	|	0
0.0903	|	0
0.0954	|	0
0.1


Relative/Global degree rotations residual errors {0,5}:

0	|	12
0.25	|	0
0.5	|	0
0.75	|	0
1	|	0
1.25	|	0
1.5	|	0
1.75	|	0
2	|	0
2.25	|	0
2.5	|	0
2.75	|	0
3	|	0
3.25	|	0
3.5	|	0
3.75	|	0
4	|	0
4.25	|	0
4.5	|	0
4.75	|	0
5


Statistics about global rotation evaluation:

	 min: 0.00860527
	 mean: 0.0428836
	 median: 0.0291144
	 max: 0.100385
sh: 1: neato: not found

-------------------------------
 Relative translations computation: 
-------------------------------
#Triplets: 8

Relative translations computation (edge coverage algorithm)
0%   10   20   30   40   50   60   70   80   90   100%
|----|----|----|----|----|----|----|----|----|----|
***************************************************
TRIPLET COVERAGE TIMING:
-------------------------------
-- #Relative triplet of translations estimates: 6 computed from 8 triplets.
-- resulting in 18 translations estimation.
-- time to compute triplets of relative translations: 1.897 seconds.
-------------------------------

CleanGraph_KeepLargestBiEdge_Nodes():: => connected Component: 1
Connected component of size: 6

-------------------------------
 Global translations computation: 
   - Ready to compute 6 global translations.
     from #relative translations: 18

Solver Summary (v 1.11.0-eigen-(3.2.8)-lapack-cxsparse-()-no_openmp)

                                     Original                  Reduced
Parameter blocks                            6                        5
Parameters                                 18                       15
Residual blocks                            18                       18
Residual                                   54                       54

Minimizer                        TRUST_REGION

Sparse linear algebra library       CX_SPARSE
Trust region strategy     LEVENBERG_MARQUARDT

                                        Given                     Used
Linear solver          SPARSE_NORMAL_CHOLESKY   SPARSE_NORMAL_CHOLESKY
Threads                                     1                        1
Linear solver threads                       1                        1

Cost:
Initial                          1.708497e+01
Final                            4.983182e-04
Change                           1.708447e+01

Minimizer iterations                        7
Successful steps                            7
Unsuccessful steps                          0

Time (in seconds):
Preprocessor                           0.0002

  Residual evaluation                  0.0001
  Jacobian evaluation                  0.0006
  Linear solver                        0.0006
Minimizer                              0.0018

Postprocessor                          0.0000
Total                                  0.0020

Termination:                      CONVERGENCE (Function tolerance reached. |cost_change|/cost: 5.741514e-11 <= 1.000000e-07)


Track stats
------------------
-- Tracks Stats --
 Tracks number: 64
 Images Id: 
0, 1, 2, 3, 4, 5, 
------------------
TrackLength, Occurrence
	6	64

Blind triangulation progress:
0%   10   20   30   40   50   60   70   80   90   100%
|----|----|----|----|----|----|----|----|----|----|
***************************************************

#removed tracks (invalid triangulation): 0

  Triangulation took (s): 0.001

Bundle Adjustment statistics (approximated RMSE):
 #views: 6
 #poses: 6
 #intrinsics: 1
 #tracks: 64
 #residuals: 768
 Initial RMSE: 3.3915
 Final RMSE: 0.306135
 Time (s): 0.0220251

Usable motion priors: 0

Bundle Adjustment statistics (approximated RMSE):
 #views: 6
 #poses: 6
 #intrinsics: 1
 #tracks: 64
 #residuals: 768
 Initial RMSE: 0.306135
 Final RMSE: 0.301654
 Time (s): 0.018822

Usable motion priors: 0
Outlier removal (remaining #points):
	 initial structure size #3DPoints: 64
		 pixel residual filter  #3DPoints: 64
		 angular filter         #3DPoints: 64

Bundle Adjustment statistics (approximated RMSE):
 #views: 6
 #poses: 6
 #intrinsics: 1
 #tracks: 64
 #residuals: 768
 Initial RMSE: 0.301654
 Final RMSE: 0.301654
 Time (s): 0.010745

Usable motion priors: 0
RMSE residual: 0.426603


 	 TEST -> [OK]



 Launching Test : 58GLOBAL_SFM_RotationAveragingL1_TranslationAveragingL1_Test


CleanGraph_KeepLargestBiEdge_Nodes():: => connected Component: 1
Connected component of size: 6

- Relative pose computation -
0%   10   20   30   40   50   60   70   80   90   100%
|----|----|----|----|----|----|----|----|----|----|
***************************************************
sh: 1: neato: not found
sh: 1: neato: not found

-------------------------------
 Global rotations computation: 
  #relative rotations: 12
  #global rotations: 6

Statistics about rotation triplets:

	 min: 0.155319
	 mean: 0.24098
	 median: 0.233567
	 max: 0.322455


0	|	0
0.0161	|	0
0.0322	|	0
0.0484	|	0
0.0645	|	0
0.0806	|	0
0.0967	|	0
0.113	|	0
0.129	|	0
0.145	|	1
0.161	|	1
0.177	|	0
0.193	|	0
0.21	|	1
0.226	|	2
0.242	|	0
0.258	|	0
0.274	|	1
0.29	|	0
0.306	|	1
0.322


Triplets filtering based on composition error on unit cycles
#Triplets before: 8
#Triplets after: 8

 #Edges removed by triplet inference: 0

CleanGraph_KeepLargestBiEdge_Nodes():: => connected Component: 1
Connected component of size: 6
L1RA Converged in 2 iterations.
IRLS Converged in 2 iterations.
Refine global rotations using L1RA-IRLS and 12 relative rotations:
 error reduced from 0.000967697(0 min, 0.00343238 max)
 to 0.000854046(0.000270639min,0.00197948max)

inliers: 
1 1 1 1 1 1 1 1 1 1 1 1 
Found #global_rotations: 6
Timing: 0.041 seconds

Relative/Global degree rotations residual errors {0,0.0654805}:

0	|	0
0.00327	|	0
0.00655	|	2
0.00982	|	0
0.0131	|	2
0.0164	|	1
0.0196	|	1
0.0229	|	0
0.0262	|	1
0.0295	|	2
0.0327	|	0
0.036	|	1
0.0393	|	0
0.0426	|	0
0.0458	|	0
0.0491	|	0
0.0524	|	0
0.0557	|	0
0.0589	|	1
0.0622	|	1
0.0655


Relative/Global degree rotations residual errors {0,5}:

0	|	12
0.25	|	0
0.5	|	0
0.75	|	0
1	|	0
1.25	|	0
1.5	|	0
1.75	|	0
2	|	0
2.25	|	0
2.5	|	0
2.75	|	0
3	|	0
3.25	|	0
3.5	|	0
3.75	|	0
4	|	0
4.25	|	0
4.5	|	0
4.75	|	0
5


Statistics about global rotation evaluation:

	 min: 0.00895265
	 mean: 0.0282516
	 median: 0.0266936
	 max: 0.0654805
sh: 1: neato: not found

-------------------------------
 Relative translations computation: 
-------------------------------
#Triplets: 8

Relative translations computation (edge coverage algorithm)
0%   10   20   30   40   50   60   70   80   90   100%
|----|----|----|----|----|----|----|----|----|----|
***************************************************
TRIPLET COVERAGE TIMING:
-------------------------------
-- #Relative triplet of translations estimates: 6 computed from 8 triplets.
-- resulting in 18 translations estimation.
-- time to compute triplets of relative translations: 1.853 seconds.
-------------------------------

CleanGraph_KeepLargestBiEdge_Nodes():: => connected Component: 1
Connected component of size: 6

-------------------------------
 Global translations computation: 
   - Ready to compute 6 global translations.
     from #relative translations: 18
 
 Feasibility 1
-------------------------------
-- #relative estimates: 6 converge with gamma: 0.0111986.
 timing (s): 0.009.
-------------------------------

Found solution:
0 0 0 1.63486 0.0103967 0.956236 1.63585 -0.00509113 2.83505 0.0136323 0.0179315 3.7556 -1.62815 0.00549589 2.82708 -1.63983 -0.00206277 0.981921 1.23771 1.10913 1 1.02083 1.12206 1.46683 0.0111986 
cam position: 
0 0 0 1.63486 0.0103967 0.956236 1.63585 -0.00509113 2.83505 0.0136323 0.0179315 3.7556 -1.62815 0.00549589 2.82708 -1.63983 -0.00206277 0.981921 
cam Lambdas: 
1.23771 1.10913 1 1.02083 1.12206 1.46683 

Track stats
------------------
-- Tracks Stats --
 Tracks number: 64
 Images Id: 
0, 1, 2, 3, 4, 5, 
------------------
TrackLength, Occurrence
	6	64

Blind triangulation progress:
0%   10   20   30   40   50   60   70   80   90   100%
|----|----|----|----|----|----|----|----|----|----|
***************************************************

#removed tracks (invalid triangulation): 0

  Triangulation took (s): 0.001

Bundle Adjustment statistics (approximated RMSE):
 #views: 6
 #poses: 6
 #intrinsics: 1
 #tracks: 64
 #residuals: 768
 Initial RMSE: 2.40712
 Final RMSE: 0.308614
 Time (s): 0.021976

Usable motion priors: 0

Bundle Adjustment statistics (approximated RMSE):
 #views: 6
 #poses: 6
 #intrinsics: 1
 #tracks: 64
 #residuals: 768
 Initial RMSE: 0.308614
 Final RMSE: 0.300523
 Time (s): 0.0187831

Usable motion priors: 0
Outlier removal (remaining #points):
	 initial structure size #3DPoints: 64
		 pixel residual filter  #3DPoints: 64
		 angular filter         #3DPoints: 64

Bundle Adjustment statistics (approximated RMSE):
 #views: 6
 #poses: 6
 #intrinsics: 1
 #tracks: 64
 #residuals: 768
 Initial RMSE: 0.300523
 Final RMSE: 0.300523
 Time (s): 0.0107539

Usable motion priors: 0
RMSE residual: 0.425003


 	 TEST -> [OK]



 Launching Test : 58GLOBAL_SFM_RotationAveragingL2_TranslationAveragingL1_Test


CleanGraph_KeepLargestBiEdge_Nodes():: => connected Component: 1
Connected component of size: 6

- Relative pose computation -
0%   10   20   30   40   50   60   70   80   90   100%
|----|----|----|----|----|----|----|----|----|----|
***************************************************
sh: 1: neato: not found
sh: 1: neato: not found

-------------------------------
 Global rotations computation: 
  #relative rotations: 12
  #global rotations: 6

Statistics about rotation triplets:

	 min: 0.0783815
	 mean: 0.265974
	 median: 0.278427
	 max: 0.479886


0	|	0
0.024	|	0
0.048	|	0
0.072	|	1
0.096	|	1
0.12	|	0
0.144	|	0
0.168	|	0
0.192	|	1
0.216	|	0
0.24	|	0
0.264	|	2
0.288	|	1
0.312	|	0
0.336	|	0
0.36	|	0
0.384	|	1
0.408	|	0
0.432	|	0
0.456	|	1
0.48


Triplets filtering based on composition error on unit cycles
#Triplets before: 8
#Triplets after: 8

 #Edges removed by triplet inference: 0

CleanGraph_KeepLargestBiEdge_Nodes():: => connected Component: 1
Connected component of size: 6
Found #global_rotations: 6
Timing: 0.001 seconds

Relative/Global degree rotations residual errors {0,0.0933513}:

0	|	0
0.00467	|	0
0.00934	|	0
0.014	|	1
0.0187	|	0
0.0233	|	1
0.028	|	1
0.0327	|	4
0.0373	|	0
0.042	|	1
0.0467	|	1
0.0513	|	0
0.056	|	1
0.0607	|	0
0.0653	|	0
0.07	|	1
0.0747	|	0
0.0793	|	0
0.084	|	0
0.0887	|	1
0.0934


Relative/Global degree rotations residual errors {0,5}:

0	|	12
0.25	|	0
0.5	|	0
0.75	|	0
1	|	0
1.25	|	0
1.5	|	0
1.75	|	0
2	|	0
2.25	|	0
2.5	|	0
2.75	|	0
3	|	0
3.25	|	0
3.5	|	0
3.75	|	0
4	|	0
4.25	|	0
4.5	|	0
4.75	|	0
5


Statistics about global rotation evaluation:

	 min: 0.0185128
	 mean: 0.0437877
	 median: 0.0366261
	 max: 0.0933513
sh: 1: neato: not found

-------------------------------
 Relative translations computation: 
-------------------------------
#Triplets: 8

Relative translations computation (edge coverage algorithm)
0%   10   20   30   40   50   60   70   80   90   100%
|----|----|----|----|----|----|----|----|----|----|
***************************************************
TRIPLET COVERAGE TIMING:
-------------------------------
-- #Relative triplet of translations estimates: 6 computed from 8 triplets.
-- resulting in 18 translations estimation.
-- time to compute triplets of relative translations: 1.93 seconds.
-------------------------------

CleanGraph_KeepLargestBiEdge_Nodes():: => connected Component: 1
Connected component of size: 6

-------------------------------
 Global translations computation: 
   - Ready to compute 6 global translations.
     from #relative translations: 18
 
 Feasibility 1
-------------------------------
-- #relative estimates: 6 converge with gamma: 0.015736.
 timing (s): 0.008.
-------------------------------

Found solution:
0 0 0 1.57063 0.0074257 0.908766 1.5749 0.0044632 2.72993 0.00359685 0.00868887 3.61367 -1.55109 0.000912548 2.74543 -1.5736 0.0193726 0.904573 1.18376 1.16122 1.17912 1.10571 1.06837 1 0.015736 
cam position: 
0 0 0 1.57063 0.0074257 0.908766 1.5749 0.0044632 2.72993 0.00359685 0.00868887 3.61367 -1.55109 0.000912548 2.74543 -1.5736 0.0193726 0.904573 
cam Lambdas: 
1.18376 1.16122 1.17912 1.10571 1.06837 1 

Track stats
------------------
-- Tracks Stats --
 Tracks number: 64
 Images Id: 
0, 1, 2, 3, 4, 5, 
------------------
TrackLength, Occurrence
	6	64

Blind triangulation progress:
0%   10   20   30   40   50   60   70   80   90   100%
|----|----|----|----|----|----|----|----|----|----|
***************************************************

#removed tracks (invalid triangulation): 0

  Triangulation took (s): 0.001

Bundle Adjustment statistics (approximated RMSE):
 #views: 6
 #poses: 6
 #intrinsics: 1
 #tracks: 64
 #residuals: 768
 Initial RMSE: 3.45222
 Final RMSE: 0.301911
 Time (s): 0.0220509

Usable motion priors: 0

Bundle Adjustment statistics (approximated RMSE):
 #views: 6
 #poses: 6
 #intrinsics: 1
 #tracks: 64
 #residuals: 768
 Initial RMSE: 0.301911
 Final RMSE: 0.296898
 Time (s): 0.018882

Usable motion priors: 0
Outlier removal (remaining #points):
	 initial structure size #3DPoints: 64
		 pixel residual filter  #3DPoints: 64
		 angular filter         #3DPoints: 64

Bundle Adjustment statistics (approximated RMSE):
 #views: 6
 #poses: 6
 #intrinsics: 1
 #tracks: 64
 #residuals: 768
 Initial RMSE: 0.296898
 Final RMSE: 0.296898
 Time (s): 0.010798

Usable motion priors: 0
RMSE residual: 0.419878


 	 TEST -> [OK]


---------
[TEST SESSION RESULTS]
---------
There were no test failures
<end of output>
Test time =  10.22 sec
----------------------------------------------------------
Test Passed.
"openMVG_test_global_SfM" end time: Mar 23 23:49 CET
"openMVG_test_global_SfM" time elapsed: 00:00:10
----------------------------------------------------------

65/66 Testing: openMVG_test_split
65/66 Test: openMVG_test_split
Command: "/home/pi/Downloads/openMVG_Build2/Linux-armv7l-RELEASE/openMVG_test_split"
Directory: /home/pi/Downloads/openMVG_Build2/openMVG/stl
"openMVG_test_split" start time: Mar 23 23:49 CET
Output:
----------------------------------------------------------


 Launching Test : 26Split_ontheSameString_Test



 	 TEST -> [OK]



 Launching Test : 27Split_stringSplit3part_Test



 	 TEST -> [OK]



 Launching Test : 25Split_delimiterExist_Test



 	 TEST -> [OK]



 Launching Test : 28Split_delimiterNotExist_Test



 	 TEST -> [OK]



 Launching Test : 22Split_stringEmpty_Test



 	 TEST -> [OK]


---------
[TEST SESSION RESULTS]
---------
There were no test failures
<end of output>
Test time =   0.01 sec
----------------------------------------------------------
Test Passed.
"openMVG_test_split" end time: Mar 23 23:49 CET
"openMVG_test_split" time elapsed: 00:00:00
----------------------------------------------------------

66/66 Testing: openMVG_test_dynamic_bitset
66/66 Test: openMVG_test_dynamic_bitset
Command: "/home/pi/Downloads/openMVG_Build2/Linux-armv7l-RELEASE/openMVG_test_dynamic_bitset"
Directory: /home/pi/Downloads/openMVG_Build2/openMVG/stl
"openMVG_test_dynamic_bitset" start time: Mar 23 23:49 CET
Output:
----------------------------------------------------------


 Launching Test : 34DYNAMIC_BITSET_InitAndReset_4_Test



 	 TEST -> [OK]



 Launching Test : 35DYNAMIC_BITSET_InitAndReset_64_Test



 	 TEST -> [OK]


---------
[TEST SESSION RESULTS]
---------
There were no test failures
<end of output>
Test time =   0.02 sec
----------------------------------------------------------
Test Passed.
"openMVG_test_dynamic_bitset" end time: Mar 23 23:49 CET
"openMVG_test_dynamic_bitset" time elapsed: 00:00:00
----------------------------------------------------------

End testing: Mar 23 23:49 CET
